The system is: Linux - 3.19.0-25-generic - x86_64
Compiling the C compiler identification source file "CMakeCCompilerId.c" succeeded.
Compiler: /usr/bin/cc 
Build flags: 
Id flags: 

The output was:
0


Compilation of the C compiler identification source "CMakeCCompilerId.c" produced "a.out"

The C compiler identification is GNU, found in "/home/pang/software/okvis/3rdparts/eigen-eigen-07105f7124f9/build/CMakeFiles/2.8.12.2/CompilerIdC/a.out"

Compiling the CXX compiler identification source file "CMakeCXXCompilerId.cpp" succeeded.
Compiler: /usr/bin/c++ 
Build flags: 
Id flags: 

The output was:
0


Compilation of the CXX compiler identification source "CMakeCXXCompilerId.cpp" produced "a.out"

The CXX compiler identification is GNU, found in "/home/pang/software/okvis/3rdparts/eigen-eigen-07105f7124f9/build/CMakeFiles/2.8.12.2/CompilerIdCXX/a.out"

Determining if the C compiler works passed with the following output:
Change Dir: /home/pang/software/okvis/3rdparts/eigen-eigen-07105f7124f9/build/CMakeFiles/CMakeTmp

Run Build Command:/usr/bin/make "cmTryCompileExec3538055121/fast"
/usr/bin/make -f CMakeFiles/cmTryCompileExec3538055121.dir/build.make CMakeFiles/cmTryCompileExec3538055121.dir/build
make[1]: Entering directory `/home/pang/software/okvis/3rdparts/eigen-eigen-07105f7124f9/build/CMakeFiles/CMakeTmp'
/usr/bin/cmake -E cmake_progress_report /home/pang/software/okvis/3rdparts/eigen-eigen-07105f7124f9/build/CMakeFiles/CMakeTmp/CMakeFiles 1
Building C object CMakeFiles/cmTryCompileExec3538055121.dir/testCCompiler.c.o
/usr/bin/cc    -o CMakeFiles/cmTryCompileExec3538055121.dir/testCCompiler.c.o   -c /home/pang/software/okvis/3rdparts/eigen-eigen-07105f7124f9/build/CMakeFiles/CMakeTmp/testCCompiler.c
Linking C executable cmTryCompileExec3538055121
/usr/bin/cmake -E cmake_link_script CMakeFiles/cmTryCompileExec3538055121.dir/link.txt --verbose=1
/usr/bin/cc       CMakeFiles/cmTryCompileExec3538055121.dir/testCCompiler.c.o  -o cmTryCompileExec3538055121 -rdynamic 
make[1]: Leaving directory `/home/pang/software/okvis/3rdparts/eigen-eigen-07105f7124f9/build/CMakeFiles/CMakeTmp'


Detecting C compiler ABI info compiled with the following output:
Change Dir: /home/pang/software/okvis/3rdparts/eigen-eigen-07105f7124f9/build/CMakeFiles/CMakeTmp

Run Build Command:/usr/bin/make "cmTryCompileExec3786671205/fast"
/usr/bin/make -f CMakeFiles/cmTryCompileExec3786671205.dir/build.make CMakeFiles/cmTryCompileExec3786671205.dir/build
make[1]: Entering directory `/home/pang/software/okvis/3rdparts/eigen-eigen-07105f7124f9/build/CMakeFiles/CMakeTmp'
/usr/bin/cmake -E cmake_progress_report /home/pang/software/okvis/3rdparts/eigen-eigen-07105f7124f9/build/CMakeFiles/CMakeTmp/CMakeFiles 1
Building C object CMakeFiles/cmTryCompileExec3786671205.dir/CMakeCCompilerABI.c.o
/usr/bin/cc    -o CMakeFiles/cmTryCompileExec3786671205.dir/CMakeCCompilerABI.c.o   -c /usr/share/cmake-2.8/Modules/CMakeCCompilerABI.c
Linking C executable cmTryCompileExec3786671205
/usr/bin/cmake -E cmake_link_script CMakeFiles/cmTryCompileExec3786671205.dir/link.txt --verbose=1
/usr/bin/cc     -v CMakeFiles/cmTryCompileExec3786671205.dir/CMakeCCompilerABI.c.o  -o cmTryCompileExec3786671205 -rdynamic  
Using built-in specs.
COLLECT_GCC=/usr/bin/cc
COLLECT_LTO_WRAPPER=/usr/lib/gcc/x86_64-linux-gnu/4.8/lto-wrapper
Target: x86_64-linux-gnu
Configured with: ../src/configure -v --with-pkgversion='Ubuntu 4.8.4-2ubuntu1~14.04.1' --with-bugurl=file:///usr/share/doc/gcc-4.8/README.Bugs --enable-languages=c,c++,java,go,d,fortran,objc,obj-c++ --prefix=/usr --program-suffix=-4.8 --enable-shared --enable-linker-build-id --libexecdir=/usr/lib --without-included-gettext --enable-threads=posix --with-gxx-include-dir=/usr/include/c++/4.8 --libdir=/usr/lib --enable-nls --with-sysroot=/ --enable-clocale=gnu --enable-libstdcxx-debug --enable-libstdcxx-time=yes --enable-gnu-unique-object --disable-libmudflap --enable-plugin --with-system-zlib --disable-browser-plugin --enable-java-awt=gtk --enable-gtk-cairo --with-java-home=/usr/lib/jvm/java-1.5.0-gcj-4.8-amd64/jre --enable-java-home --with-jvm-root-dir=/usr/lib/jvm/java-1.5.0-gcj-4.8-amd64 --with-jvm-jar-dir=/usr/lib/jvm-exports/java-1.5.0-gcj-4.8-amd64 --with-arch-directory=amd64 --with-ecj-jar=/usr/share/java/eclipse-ecj.jar --enable-objc-gc --enable-multiarch --disable-werror --with-arch-32=i686 --with-abi=m64 --with-multilib-list=m32,m64,mx32 --with-tune=generic --enable-checking=release --build=x86_64-linux-gnu --host=x86_64-linux-gnu --target=x86_64-linux-gnu
Thread model: posix
gcc version 4.8.4 (Ubuntu 4.8.4-2ubuntu1~14.04.1) 
COMPILER_PATH=/usr/lib/gcc/x86_64-linux-gnu/4.8/:/usr/lib/gcc/x86_64-linux-gnu/4.8/:/usr/lib/gcc/x86_64-linux-gnu/:/usr/lib/gcc/x86_64-linux-gnu/4.8/:/usr/lib/gcc/x86_64-linux-gnu/
LIBRARY_PATH=/usr/lib/gcc/x86_64-linux-gnu/4.8/:/usr/lib/gcc/x86_64-linux-gnu/4.8/../../../x86_64-linux-gnu/:/usr/lib/gcc/x86_64-linux-gnu/4.8/../../../../lib/:/lib/x86_64-linux-gnu/:/lib/../lib/:/usr/lib/x86_64-linux-gnu/:/usr/lib/../lib/:/usr/lib/gcc/x86_64-linux-gnu/4.8/../../../:/lib/:/usr/lib/
COLLECT_GCC_OPTIONS='-v' '-o' 'cmTryCompileExec3786671205' '-rdynamic' '-mtune=generic' '-march=x86-64'
 /usr/lib/gcc/x86_64-linux-gnu/4.8/collect2 --sysroot=/ --build-id --eh-frame-hdr -m elf_x86_64 --hash-style=gnu --as-needed -export-dynamic -dynamic-linker /lib64/ld-linux-x86-64.so.2 -z relro -o cmTryCompileExec3786671205 /usr/lib/gcc/x86_64-linux-gnu/4.8/../../../x86_64-linux-gnu/crt1.o /usr/lib/gcc/x86_64-linux-gnu/4.8/../../../x86_64-linux-gnu/crti.o /usr/lib/gcc/x86_64-linux-gnu/4.8/crtbegin.o -L/usr/lib/gcc/x86_64-linux-gnu/4.8 -L/usr/lib/gcc/x86_64-linux-gnu/4.8/../../../x86_64-linux-gnu -L/usr/lib/gcc/x86_64-linux-gnu/4.8/../../../../lib -L/lib/x86_64-linux-gnu -L/lib/../lib -L/usr/lib/x86_64-linux-gnu -L/usr/lib/../lib -L/usr/lib/gcc/x86_64-linux-gnu/4.8/../../.. CMakeFiles/cmTryCompileExec3786671205.dir/CMakeCCompilerABI.c.o -lgcc --as-needed -lgcc_s --no-as-needed -lc -lgcc --as-needed -lgcc_s --no-as-needed /usr/lib/gcc/x86_64-linux-gnu/4.8/crtend.o /usr/lib/gcc/x86_64-linux-gnu/4.8/../../../x86_64-linux-gnu/crtn.o
make[1]: Leaving directory `/home/pang/software/okvis/3rdparts/eigen-eigen-07105f7124f9/build/CMakeFiles/CMakeTmp'


Parsed C implicit link information from above output:
  link line regex: [^( *|.*[/\])(ld|([^/\]+-)?ld|collect2)[^/\]*( |$)]
  ignore line: [Change Dir: /home/pang/software/okvis/3rdparts/eigen-eigen-07105f7124f9/build/CMakeFiles/CMakeTmp]
  ignore line: []
  ignore line: [Run Build Command:/usr/bin/make "cmTryCompileExec3786671205/fast"]
  ignore line: [/usr/bin/make -f CMakeFiles/cmTryCompileExec3786671205.dir/build.make CMakeFiles/cmTryCompileExec3786671205.dir/build]
  ignore line: [make[1]: Entering directory `/home/pang/software/okvis/3rdparts/eigen-eigen-07105f7124f9/build/CMakeFiles/CMakeTmp']
  ignore line: [/usr/bin/cmake -E cmake_progress_report /home/pang/software/okvis/3rdparts/eigen-eigen-07105f7124f9/build/CMakeFiles/CMakeTmp/CMakeFiles 1]
  ignore line: [Building C object CMakeFiles/cmTryCompileExec3786671205.dir/CMakeCCompilerABI.c.o]
  ignore line: [/usr/bin/cc    -o CMakeFiles/cmTryCompileExec3786671205.dir/CMakeCCompilerABI.c.o   -c /usr/share/cmake-2.8/Modules/CMakeCCompilerABI.c]
  ignore line: [Linking C executable cmTryCompileExec3786671205]
  ignore line: [/usr/bin/cmake -E cmake_link_script CMakeFiles/cmTryCompileExec3786671205.dir/link.txt --verbose=1]
  ignore line: [/usr/bin/cc     -v CMakeFiles/cmTryCompileExec3786671205.dir/CMakeCCompilerABI.c.o  -o cmTryCompileExec3786671205 -rdynamic  ]
  ignore line: [Using built-in specs.]
  ignore line: [COLLECT_GCC=/usr/bin/cc]
  ignore line: [COLLECT_LTO_WRAPPER=/usr/lib/gcc/x86_64-linux-gnu/4.8/lto-wrapper]
  ignore line: [Target: x86_64-linux-gnu]
  ignore line: [Configured with: ../src/configure -v --with-pkgversion='Ubuntu 4.8.4-2ubuntu1~14.04.1' --with-bugurl=file:///usr/share/doc/gcc-4.8/README.Bugs --enable-languages=c,c++,java,go,d,fortran,objc,obj-c++ --prefix=/usr --program-suffix=-4.8 --enable-shared --enable-linker-build-id --libexecdir=/usr/lib --without-included-gettext --enable-threads=posix --with-gxx-include-dir=/usr/include/c++/4.8 --libdir=/usr/lib --enable-nls --with-sysroot=/ --enable-clocale=gnu --enable-libstdcxx-debug --enable-libstdcxx-time=yes --enable-gnu-unique-object --disable-libmudflap --enable-plugin --with-system-zlib --disable-browser-plugin --enable-java-awt=gtk --enable-gtk-cairo --with-java-home=/usr/lib/jvm/java-1.5.0-gcj-4.8-amd64/jre --enable-java-home --with-jvm-root-dir=/usr/lib/jvm/java-1.5.0-gcj-4.8-amd64 --with-jvm-jar-dir=/usr/lib/jvm-exports/java-1.5.0-gcj-4.8-amd64 --with-arch-directory=amd64 --with-ecj-jar=/usr/share/java/eclipse-ecj.jar --enable-objc-gc --enable-multiarch --disable-werror --with-arch-32=i686 --with-abi=m64 --with-multilib-list=m32,m64,mx32 --with-tune=generic --enable-checking=release --build=x86_64-linux-gnu --host=x86_64-linux-gnu --target=x86_64-linux-gnu]
  ignore line: [Thread model: posix]
  ignore line: [gcc version 4.8.4 (Ubuntu 4.8.4-2ubuntu1~14.04.1) ]
  ignore line: [COMPILER_PATH=/usr/lib/gcc/x86_64-linux-gnu/4.8/:/usr/lib/gcc/x86_64-linux-gnu/4.8/:/usr/lib/gcc/x86_64-linux-gnu/:/usr/lib/gcc/x86_64-linux-gnu/4.8/:/usr/lib/gcc/x86_64-linux-gnu/]
  ignore line: [LIBRARY_PATH=/usr/lib/gcc/x86_64-linux-gnu/4.8/:/usr/lib/gcc/x86_64-linux-gnu/4.8/../../../x86_64-linux-gnu/:/usr/lib/gcc/x86_64-linux-gnu/4.8/../../../../lib/:/lib/x86_64-linux-gnu/:/lib/../lib/:/usr/lib/x86_64-linux-gnu/:/usr/lib/../lib/:/usr/lib/gcc/x86_64-linux-gnu/4.8/../../../:/lib/:/usr/lib/]
  ignore line: [COLLECT_GCC_OPTIONS='-v' '-o' 'cmTryCompileExec3786671205' '-rdynamic' '-mtune=generic' '-march=x86-64']
  link line: [ /usr/lib/gcc/x86_64-linux-gnu/4.8/collect2 --sysroot=/ --build-id --eh-frame-hdr -m elf_x86_64 --hash-style=gnu --as-needed -export-dynamic -dynamic-linker /lib64/ld-linux-x86-64.so.2 -z relro -o cmTryCompileExec3786671205 /usr/lib/gcc/x86_64-linux-gnu/4.8/../../../x86_64-linux-gnu/crt1.o /usr/lib/gcc/x86_64-linux-gnu/4.8/../../../x86_64-linux-gnu/crti.o /usr/lib/gcc/x86_64-linux-gnu/4.8/crtbegin.o -L/usr/lib/gcc/x86_64-linux-gnu/4.8 -L/usr/lib/gcc/x86_64-linux-gnu/4.8/../../../x86_64-linux-gnu -L/usr/lib/gcc/x86_64-linux-gnu/4.8/../../../../lib -L/lib/x86_64-linux-gnu -L/lib/../lib -L/usr/lib/x86_64-linux-gnu -L/usr/lib/../lib -L/usr/lib/gcc/x86_64-linux-gnu/4.8/../../.. CMakeFiles/cmTryCompileExec3786671205.dir/CMakeCCompilerABI.c.o -lgcc --as-needed -lgcc_s --no-as-needed -lc -lgcc --as-needed -lgcc_s --no-as-needed /usr/lib/gcc/x86_64-linux-gnu/4.8/crtend.o /usr/lib/gcc/x86_64-linux-gnu/4.8/../../../x86_64-linux-gnu/crtn.o]
    arg [/usr/lib/gcc/x86_64-linux-gnu/4.8/collect2] ==> ignore
    arg [--sysroot=/] ==> ignore
    arg [--build-id] ==> ignore
    arg [--eh-frame-hdr] ==> ignore
    arg [-m] ==> ignore
    arg [elf_x86_64] ==> ignore
    arg [--hash-style=gnu] ==> ignore
    arg [--as-needed] ==> ignore
    arg [-export-dynamic] ==> ignore
    arg [-dynamic-linker] ==> ignore
    arg [/lib64/ld-linux-x86-64.so.2] ==> ignore
    arg [-zrelro] ==> ignore
    arg [-o] ==> ignore
    arg [cmTryCompileExec3786671205] ==> ignore
    arg [/usr/lib/gcc/x86_64-linux-gnu/4.8/../../../x86_64-linux-gnu/crt1.o] ==> ignore
    arg [/usr/lib/gcc/x86_64-linux-gnu/4.8/../../../x86_64-linux-gnu/crti.o] ==> ignore
    arg [/usr/lib/gcc/x86_64-linux-gnu/4.8/crtbegin.o] ==> ignore
    arg [-L/usr/lib/gcc/x86_64-linux-gnu/4.8] ==> dir [/usr/lib/gcc/x86_64-linux-gnu/4.8]
    arg [-L/usr/lib/gcc/x86_64-linux-gnu/4.8/../../../x86_64-linux-gnu] ==> dir [/usr/lib/gcc/x86_64-linux-gnu/4.8/../../../x86_64-linux-gnu]
    arg [-L/usr/lib/gcc/x86_64-linux-gnu/4.8/../../../../lib] ==> dir [/usr/lib/gcc/x86_64-linux-gnu/4.8/../../../../lib]
    arg [-L/lib/x86_64-linux-gnu] ==> dir [/lib/x86_64-linux-gnu]
    arg [-L/lib/../lib] ==> dir [/lib/../lib]
    arg [-L/usr/lib/x86_64-linux-gnu] ==> dir [/usr/lib/x86_64-linux-gnu]
    arg [-L/usr/lib/../lib] ==> dir [/usr/lib/../lib]
    arg [-L/usr/lib/gcc/x86_64-linux-gnu/4.8/../../..] ==> dir [/usr/lib/gcc/x86_64-linux-gnu/4.8/../../..]
    arg [CMakeFiles/cmTryCompileExec3786671205.dir/CMakeCCompilerABI.c.o] ==> ignore
    arg [-lgcc] ==> lib [gcc]
    arg [--as-needed] ==> ignore
    arg [-lgcc_s] ==> lib [gcc_s]
    arg [--no-as-needed] ==> ignore
    arg [-lc] ==> lib [c]
    arg [-lgcc] ==> lib [gcc]
    arg [--as-needed] ==> ignore
    arg [-lgcc_s] ==> lib [gcc_s]
    arg [--no-as-needed] ==> ignore
    arg [/usr/lib/gcc/x86_64-linux-gnu/4.8/crtend.o] ==> ignore
    arg [/usr/lib/gcc/x86_64-linux-gnu/4.8/../../../x86_64-linux-gnu/crtn.o] ==> ignore
  remove lib [gcc]
  remove lib [gcc_s]
  remove lib [gcc]
  remove lib [gcc_s]
  collapse library dir [/usr/lib/gcc/x86_64-linux-gnu/4.8] ==> [/usr/lib/gcc/x86_64-linux-gnu/4.8]
  collapse library dir [/usr/lib/gcc/x86_64-linux-gnu/4.8/../../../x86_64-linux-gnu] ==> [/usr/lib/x86_64-linux-gnu]
  collapse library dir [/usr/lib/gcc/x86_64-linux-gnu/4.8/../../../../lib] ==> [/usr/lib]
  collapse library dir [/lib/x86_64-linux-gnu] ==> [/lib/x86_64-linux-gnu]
  collapse library dir [/lib/../lib] ==> [/lib]
  collapse library dir [/usr/lib/x86_64-linux-gnu] ==> [/usr/lib/x86_64-linux-gnu]
  collapse library dir [/usr/lib/../lib] ==> [/usr/lib]
  collapse library dir [/usr/lib/gcc/x86_64-linux-gnu/4.8/../../..] ==> [/usr/lib]
  implicit libs: [c]
  implicit dirs: [/usr/lib/gcc/x86_64-linux-gnu/4.8;/usr/lib/x86_64-linux-gnu;/usr/lib;/lib/x86_64-linux-gnu;/lib]
  implicit fwks: []


Determining if the CXX compiler works passed with the following output:
Change Dir: /home/pang/software/okvis/3rdparts/eigen-eigen-07105f7124f9/build/CMakeFiles/CMakeTmp

Run Build Command:/usr/bin/make "cmTryCompileExec3570977097/fast"
/usr/bin/make -f CMakeFiles/cmTryCompileExec3570977097.dir/build.make CMakeFiles/cmTryCompileExec3570977097.dir/build
make[1]: Entering directory `/home/pang/software/okvis/3rdparts/eigen-eigen-07105f7124f9/build/CMakeFiles/CMakeTmp'
/usr/bin/cmake -E cmake_progress_report /home/pang/software/okvis/3rdparts/eigen-eigen-07105f7124f9/build/CMakeFiles/CMakeTmp/CMakeFiles 1
Building CXX object CMakeFiles/cmTryCompileExec3570977097.dir/testCXXCompiler.cxx.o
/usr/bin/c++     -o CMakeFiles/cmTryCompileExec3570977097.dir/testCXXCompiler.cxx.o -c /home/pang/software/okvis/3rdparts/eigen-eigen-07105f7124f9/build/CMakeFiles/CMakeTmp/testCXXCompiler.cxx
Linking CXX executable cmTryCompileExec3570977097
/usr/bin/cmake -E cmake_link_script CMakeFiles/cmTryCompileExec3570977097.dir/link.txt --verbose=1
/usr/bin/c++        CMakeFiles/cmTryCompileExec3570977097.dir/testCXXCompiler.cxx.o  -o cmTryCompileExec3570977097 -rdynamic 
make[1]: Leaving directory `/home/pang/software/okvis/3rdparts/eigen-eigen-07105f7124f9/build/CMakeFiles/CMakeTmp'


Detecting CXX compiler ABI info compiled with the following output:
Change Dir: /home/pang/software/okvis/3rdparts/eigen-eigen-07105f7124f9/build/CMakeFiles/CMakeTmp

Run Build Command:/usr/bin/make "cmTryCompileExec353063956/fast"
/usr/bin/make -f CMakeFiles/cmTryCompileExec353063956.dir/build.make CMakeFiles/cmTryCompileExec353063956.dir/build
make[1]: Entering directory `/home/pang/software/okvis/3rdparts/eigen-eigen-07105f7124f9/build/CMakeFiles/CMakeTmp'
/usr/bin/cmake -E cmake_progress_report /home/pang/software/okvis/3rdparts/eigen-eigen-07105f7124f9/build/CMakeFiles/CMakeTmp/CMakeFiles 1
Building CXX object CMakeFiles/cmTryCompileExec353063956.dir/CMakeCXXCompilerABI.cpp.o
/usr/bin/c++     -o CMakeFiles/cmTryCompileExec353063956.dir/CMakeCXXCompilerABI.cpp.o -c /usr/share/cmake-2.8/Modules/CMakeCXXCompilerABI.cpp
Linking CXX executable cmTryCompileExec353063956
/usr/bin/cmake -E cmake_link_script CMakeFiles/cmTryCompileExec353063956.dir/link.txt --verbose=1
/usr/bin/c++      -v CMakeFiles/cmTryCompileExec353063956.dir/CMakeCXXCompilerABI.cpp.o  -o cmTryCompileExec353063956 -rdynamic  
Using built-in specs.
COLLECT_GCC=/usr/bin/c++
COLLECT_LTO_WRAPPER=/usr/lib/gcc/x86_64-linux-gnu/4.8/lto-wrapper
Target: x86_64-linux-gnu
Configured with: ../src/configure -v --with-pkgversion='Ubuntu 4.8.4-2ubuntu1~14.04.1' --with-bugurl=file:///usr/share/doc/gcc-4.8/README.Bugs --enable-languages=c,c++,java,go,d,fortran,objc,obj-c++ --prefix=/usr --program-suffix=-4.8 --enable-shared --enable-linker-build-id --libexecdir=/usr/lib --without-included-gettext --enable-threads=posix --with-gxx-include-dir=/usr/include/c++/4.8 --libdir=/usr/lib --enable-nls --with-sysroot=/ --enable-clocale=gnu --enable-libstdcxx-debug --enable-libstdcxx-time=yes --enable-gnu-unique-object --disable-libmudflap --enable-plugin --with-system-zlib --disable-browser-plugin --enable-java-awt=gtk --enable-gtk-cairo --with-java-home=/usr/lib/jvm/java-1.5.0-gcj-4.8-amd64/jre --enable-java-home --with-jvm-root-dir=/usr/lib/jvm/java-1.5.0-gcj-4.8-amd64 --with-jvm-jar-dir=/usr/lib/jvm-exports/java-1.5.0-gcj-4.8-amd64 --with-arch-directory=amd64 --with-ecj-jar=/usr/share/java/eclipse-ecj.jar --enable-objc-gc --enable-multiarch --disable-werror --with-arch-32=i686 --with-abi=m64 --with-multilib-list=m32,m64,mx32 --with-tune=generic --enable-checking=release --build=x86_64-linux-gnu --host=x86_64-linux-gnu --target=x86_64-linux-gnu
Thread model: posix
gcc version 4.8.4 (Ubuntu 4.8.4-2ubuntu1~14.04.1) 
COMPILER_PATH=/usr/lib/gcc/x86_64-linux-gnu/4.8/:/usr/lib/gcc/x86_64-linux-gnu/4.8/:/usr/lib/gcc/x86_64-linux-gnu/:/usr/lib/gcc/x86_64-linux-gnu/4.8/:/usr/lib/gcc/x86_64-linux-gnu/
LIBRARY_PATH=/usr/lib/gcc/x86_64-linux-gnu/4.8/:/usr/lib/gcc/x86_64-linux-gnu/4.8/../../../x86_64-linux-gnu/:/usr/lib/gcc/x86_64-linux-gnu/4.8/../../../../lib/:/lib/x86_64-linux-gnu/:/lib/../lib/:/usr/lib/x86_64-linux-gnu/:/usr/lib/../lib/:/usr/lib/gcc/x86_64-linux-gnu/4.8/../../../:/lib/:/usr/lib/
COLLECT_GCC_OPTIONS='-v' '-o' 'cmTryCompileExec353063956' '-rdynamic' '-shared-libgcc' '-mtune=generic' '-march=x86-64'
 /usr/lib/gcc/x86_64-linux-gnu/4.8/collect2 --sysroot=/ --build-id --eh-frame-hdr -m elf_x86_64 --hash-style=gnu --as-needed -export-dynamic -dynamic-linker /lib64/ld-linux-x86-64.so.2 -z relro -o cmTryCompileExec353063956 /usr/lib/gcc/x86_64-linux-gnu/4.8/../../../x86_64-linux-gnu/crt1.o /usr/lib/gcc/x86_64-linux-gnu/4.8/../../../x86_64-linux-gnu/crti.o /usr/lib/gcc/x86_64-linux-gnu/4.8/crtbegin.o -L/usr/lib/gcc/x86_64-linux-gnu/4.8 -L/usr/lib/gcc/x86_64-linux-gnu/4.8/../../../x86_64-linux-gnu -L/usr/lib/gcc/x86_64-linux-gnu/4.8/../../../../lib -L/lib/x86_64-linux-gnu -L/lib/../lib -L/usr/lib/x86_64-linux-gnu -L/usr/lib/../lib -L/usr/lib/gcc/x86_64-linux-gnu/4.8/../../.. CMakeFiles/cmTryCompileExec353063956.dir/CMakeCXXCompilerABI.cpp.o -lstdc++ -lm -lgcc_s -lgcc -lc -lgcc_s -lgcc /usr/lib/gcc/x86_64-linux-gnu/4.8/crtend.o /usr/lib/gcc/x86_64-linux-gnu/4.8/../../../x86_64-linux-gnu/crtn.o
make[1]: Leaving directory `/home/pang/software/okvis/3rdparts/eigen-eigen-07105f7124f9/build/CMakeFiles/CMakeTmp'


Parsed CXX implicit link information from above output:
  link line regex: [^( *|.*[/\])(ld|([^/\]+-)?ld|collect2)[^/\]*( |$)]
  ignore line: [Change Dir: /home/pang/software/okvis/3rdparts/eigen-eigen-07105f7124f9/build/CMakeFiles/CMakeTmp]
  ignore line: []
  ignore line: [Run Build Command:/usr/bin/make "cmTryCompileExec353063956/fast"]
  ignore line: [/usr/bin/make -f CMakeFiles/cmTryCompileExec353063956.dir/build.make CMakeFiles/cmTryCompileExec353063956.dir/build]
  ignore line: [make[1]: Entering directory `/home/pang/software/okvis/3rdparts/eigen-eigen-07105f7124f9/build/CMakeFiles/CMakeTmp']
  ignore line: [/usr/bin/cmake -E cmake_progress_report /home/pang/software/okvis/3rdparts/eigen-eigen-07105f7124f9/build/CMakeFiles/CMakeTmp/CMakeFiles 1]
  ignore line: [Building CXX object CMakeFiles/cmTryCompileExec353063956.dir/CMakeCXXCompilerABI.cpp.o]
  ignore line: [/usr/bin/c++     -o CMakeFiles/cmTryCompileExec353063956.dir/CMakeCXXCompilerABI.cpp.o -c /usr/share/cmake-2.8/Modules/CMakeCXXCompilerABI.cpp]
  ignore line: [Linking CXX executable cmTryCompileExec353063956]
  ignore line: [/usr/bin/cmake -E cmake_link_script CMakeFiles/cmTryCompileExec353063956.dir/link.txt --verbose=1]
  ignore line: [/usr/bin/c++      -v CMakeFiles/cmTryCompileExec353063956.dir/CMakeCXXCompilerABI.cpp.o  -o cmTryCompileExec353063956 -rdynamic  ]
  ignore line: [Using built-in specs.]
  ignore line: [COLLECT_GCC=/usr/bin/c++]
  ignore line: [COLLECT_LTO_WRAPPER=/usr/lib/gcc/x86_64-linux-gnu/4.8/lto-wrapper]
  ignore line: [Target: x86_64-linux-gnu]
  ignore line: [Configured with: ../src/configure -v --with-pkgversion='Ubuntu 4.8.4-2ubuntu1~14.04.1' --with-bugurl=file:///usr/share/doc/gcc-4.8/README.Bugs --enable-languages=c,c++,java,go,d,fortran,objc,obj-c++ --prefix=/usr --program-suffix=-4.8 --enable-shared --enable-linker-build-id --libexecdir=/usr/lib --without-included-gettext --enable-threads=posix --with-gxx-include-dir=/usr/include/c++/4.8 --libdir=/usr/lib --enable-nls --with-sysroot=/ --enable-clocale=gnu --enable-libstdcxx-debug --enable-libstdcxx-time=yes --enable-gnu-unique-object --disable-libmudflap --enable-plugin --with-system-zlib --disable-browser-plugin --enable-java-awt=gtk --enable-gtk-cairo --with-java-home=/usr/lib/jvm/java-1.5.0-gcj-4.8-amd64/jre --enable-java-home --with-jvm-root-dir=/usr/lib/jvm/java-1.5.0-gcj-4.8-amd64 --with-jvm-jar-dir=/usr/lib/jvm-exports/java-1.5.0-gcj-4.8-amd64 --with-arch-directory=amd64 --with-ecj-jar=/usr/share/java/eclipse-ecj.jar --enable-objc-gc --enable-multiarch --disable-werror --with-arch-32=i686 --with-abi=m64 --with-multilib-list=m32,m64,mx32 --with-tune=generic --enable-checking=release --build=x86_64-linux-gnu --host=x86_64-linux-gnu --target=x86_64-linux-gnu]
  ignore line: [Thread model: posix]
  ignore line: [gcc version 4.8.4 (Ubuntu 4.8.4-2ubuntu1~14.04.1) ]
  ignore line: [COMPILER_PATH=/usr/lib/gcc/x86_64-linux-gnu/4.8/:/usr/lib/gcc/x86_64-linux-gnu/4.8/:/usr/lib/gcc/x86_64-linux-gnu/:/usr/lib/gcc/x86_64-linux-gnu/4.8/:/usr/lib/gcc/x86_64-linux-gnu/]
  ignore line: [LIBRARY_PATH=/usr/lib/gcc/x86_64-linux-gnu/4.8/:/usr/lib/gcc/x86_64-linux-gnu/4.8/../../../x86_64-linux-gnu/:/usr/lib/gcc/x86_64-linux-gnu/4.8/../../../../lib/:/lib/x86_64-linux-gnu/:/lib/../lib/:/usr/lib/x86_64-linux-gnu/:/usr/lib/../lib/:/usr/lib/gcc/x86_64-linux-gnu/4.8/../../../:/lib/:/usr/lib/]
  ignore line: [COLLECT_GCC_OPTIONS='-v' '-o' 'cmTryCompileExec353063956' '-rdynamic' '-shared-libgcc' '-mtune=generic' '-march=x86-64']
  link line: [ /usr/lib/gcc/x86_64-linux-gnu/4.8/collect2 --sysroot=/ --build-id --eh-frame-hdr -m elf_x86_64 --hash-style=gnu --as-needed -export-dynamic -dynamic-linker /lib64/ld-linux-x86-64.so.2 -z relro -o cmTryCompileExec353063956 /usr/lib/gcc/x86_64-linux-gnu/4.8/../../../x86_64-linux-gnu/crt1.o /usr/lib/gcc/x86_64-linux-gnu/4.8/../../../x86_64-linux-gnu/crti.o /usr/lib/gcc/x86_64-linux-gnu/4.8/crtbegin.o -L/usr/lib/gcc/x86_64-linux-gnu/4.8 -L/usr/lib/gcc/x86_64-linux-gnu/4.8/../../../x86_64-linux-gnu -L/usr/lib/gcc/x86_64-linux-gnu/4.8/../../../../lib -L/lib/x86_64-linux-gnu -L/lib/../lib -L/usr/lib/x86_64-linux-gnu -L/usr/lib/../lib -L/usr/lib/gcc/x86_64-linux-gnu/4.8/../../.. CMakeFiles/cmTryCompileExec353063956.dir/CMakeCXXCompilerABI.cpp.o -lstdc++ -lm -lgcc_s -lgcc -lc -lgcc_s -lgcc /usr/lib/gcc/x86_64-linux-gnu/4.8/crtend.o /usr/lib/gcc/x86_64-linux-gnu/4.8/../../../x86_64-linux-gnu/crtn.o]
    arg [/usr/lib/gcc/x86_64-linux-gnu/4.8/collect2] ==> ignore
    arg [--sysroot=/] ==> ignore
    arg [--build-id] ==> ignore
    arg [--eh-frame-hdr] ==> ignore
    arg [-m] ==> ignore
    arg [elf_x86_64] ==> ignore
    arg [--hash-style=gnu] ==> ignore
    arg [--as-needed] ==> ignore
    arg [-export-dynamic] ==> ignore
    arg [-dynamic-linker] ==> ignore
    arg [/lib64/ld-linux-x86-64.so.2] ==> ignore
    arg [-zrelro] ==> ignore
    arg [-o] ==> ignore
    arg [cmTryCompileExec353063956] ==> ignore
    arg [/usr/lib/gcc/x86_64-linux-gnu/4.8/../../../x86_64-linux-gnu/crt1.o] ==> ignore
    arg [/usr/lib/gcc/x86_64-linux-gnu/4.8/../../../x86_64-linux-gnu/crti.o] ==> ignore
    arg [/usr/lib/gcc/x86_64-linux-gnu/4.8/crtbegin.o] ==> ignore
    arg [-L/usr/lib/gcc/x86_64-linux-gnu/4.8] ==> dir [/usr/lib/gcc/x86_64-linux-gnu/4.8]
    arg [-L/usr/lib/gcc/x86_64-linux-gnu/4.8/../../../x86_64-linux-gnu] ==> dir [/usr/lib/gcc/x86_64-linux-gnu/4.8/../../../x86_64-linux-gnu]
    arg [-L/usr/lib/gcc/x86_64-linux-gnu/4.8/../../../../lib] ==> dir [/usr/lib/gcc/x86_64-linux-gnu/4.8/../../../../lib]
    arg [-L/lib/x86_64-linux-gnu] ==> dir [/lib/x86_64-linux-gnu]
    arg [-L/lib/../lib] ==> dir [/lib/../lib]
    arg [-L/usr/lib/x86_64-linux-gnu] ==> dir [/usr/lib/x86_64-linux-gnu]
    arg [-L/usr/lib/../lib] ==> dir [/usr/lib/../lib]
    arg [-L/usr/lib/gcc/x86_64-linux-gnu/4.8/../../..] ==> dir [/usr/lib/gcc/x86_64-linux-gnu/4.8/../../..]
    arg [CMakeFiles/cmTryCompileExec353063956.dir/CMakeCXXCompilerABI.cpp.o] ==> ignore
    arg [-lstdc++] ==> lib [stdc++]
    arg [-lm] ==> lib [m]
    arg [-lgcc_s] ==> lib [gcc_s]
    arg [-lgcc] ==> lib [gcc]
    arg [-lc] ==> lib [c]
    arg [-lgcc_s] ==> lib [gcc_s]
    arg [-lgcc] ==> lib [gcc]
    arg [/usr/lib/gcc/x86_64-linux-gnu/4.8/crtend.o] ==> ignore
    arg [/usr/lib/gcc/x86_64-linux-gnu/4.8/../../../x86_64-linux-gnu/crtn.o] ==> ignore
  remove lib [gcc_s]
  remove lib [gcc]
  remove lib [gcc_s]
  remove lib [gcc]
  collapse library dir [/usr/lib/gcc/x86_64-linux-gnu/4.8] ==> [/usr/lib/gcc/x86_64-linux-gnu/4.8]
  collapse library dir [/usr/lib/gcc/x86_64-linux-gnu/4.8/../../../x86_64-linux-gnu] ==> [/usr/lib/x86_64-linux-gnu]
  collapse library dir [/usr/lib/gcc/x86_64-linux-gnu/4.8/../../../../lib] ==> [/usr/lib]
  collapse library dir [/lib/x86_64-linux-gnu] ==> [/lib/x86_64-linux-gnu]
  collapse library dir [/lib/../lib] ==> [/lib]
  collapse library dir [/usr/lib/x86_64-linux-gnu] ==> [/usr/lib/x86_64-linux-gnu]
  collapse library dir [/usr/lib/../lib] ==> [/usr/lib]
  collapse library dir [/usr/lib/gcc/x86_64-linux-gnu/4.8/../../..] ==> [/usr/lib]
  implicit libs: [stdc++;m;c]
  implicit dirs: [/usr/lib/gcc/x86_64-linux-gnu/4.8;/usr/lib/x86_64-linux-gnu;/usr/lib;/lib/x86_64-linux-gnu;/lib]
  implicit fwks: []


Performing C++ SOURCE FILE Test standard_math_library_linked_to_automatically succeded with the following output:
Change Dir: /home/pang/software/okvis/3rdparts/eigen-eigen-07105f7124f9/build/CMakeFiles/CMakeTmp

Run Build Command:/usr/bin/make "cmTryCompileExec2997051871/fast"
/usr/bin/make -f CMakeFiles/cmTryCompileExec2997051871.dir/build.make CMakeFiles/cmTryCompileExec2997051871.dir/build
make[1]: Entering directory `/home/pang/software/okvis/3rdparts/eigen-eigen-07105f7124f9/build/CMakeFiles/CMakeTmp'
/usr/bin/cmake -E cmake_progress_report /home/pang/software/okvis/3rdparts/eigen-eigen-07105f7124f9/build/CMakeFiles/CMakeTmp/CMakeFiles 1
Building CXX object CMakeFiles/cmTryCompileExec2997051871.dir/src.cxx.o
/usr/bin/c++    -Dstandard_math_library_linked_to_automatically   -o CMakeFiles/cmTryCompileExec2997051871.dir/src.cxx.o -c /home/pang/software/okvis/3rdparts/eigen-eigen-07105f7124f9/build/CMakeFiles/CMakeTmp/src.cxx
Linking CXX executable cmTryCompileExec2997051871
/usr/bin/cmake -E cmake_link_script CMakeFiles/cmTryCompileExec2997051871.dir/link.txt --verbose=1
/usr/bin/c++    -Dstandard_math_library_linked_to_automatically    CMakeFiles/cmTryCompileExec2997051871.dir/src.cxx.o  -o cmTryCompileExec2997051871 -rdynamic 
make[1]: Leaving directory `/home/pang/software/okvis/3rdparts/eigen-eigen-07105f7124f9/build/CMakeFiles/CMakeTmp'

Source file was:
#include<cmath>
int main() { std::sin(0.0); std::log(0.0f); }
Performing C++ SOURCE FILE Test COMPILER_SUPPORT_WERROR succeded with the following output:
Change Dir: /home/pang/software/okvis/3rdparts/eigen-eigen-07105f7124f9/build/CMakeFiles/CMakeTmp

Run Build Command:/usr/bin/make "cmTryCompileExec2850121239/fast"
/usr/bin/make -f CMakeFiles/cmTryCompileExec2850121239.dir/build.make CMakeFiles/cmTryCompileExec2850121239.dir/build
make[1]: Entering directory `/home/pang/software/okvis/3rdparts/eigen-eigen-07105f7124f9/build/CMakeFiles/CMakeTmp'
/usr/bin/cmake -E cmake_progress_report /home/pang/software/okvis/3rdparts/eigen-eigen-07105f7124f9/build/CMakeFiles/CMakeTmp/CMakeFiles 1
Building CXX object CMakeFiles/cmTryCompileExec2850121239.dir/src.cxx.o
/usr/bin/c++    -fexceptions -DCOMPILER_SUPPORT_WERROR   -Werror -o CMakeFiles/cmTryCompileExec2850121239.dir/src.cxx.o -c /home/pang/software/okvis/3rdparts/eigen-eigen-07105f7124f9/build/CMakeFiles/CMakeTmp/src.cxx
Linking CXX executable cmTryCompileExec2850121239
/usr/bin/cmake -E cmake_link_script CMakeFiles/cmTryCompileExec2850121239.dir/link.txt --verbose=1
/usr/bin/c++    -fexceptions -DCOMPILER_SUPPORT_WERROR    CMakeFiles/cmTryCompileExec2850121239.dir/src.cxx.o  -o cmTryCompileExec2850121239 -rdynamic 
make[1]: Leaving directory `/home/pang/software/okvis/3rdparts/eigen-eigen-07105f7124f9/build/CMakeFiles/CMakeTmp'

Source file was:
int main() { return 0;}
Performing C++ SOURCE FILE Test COMPILER_SUPPORT_pedantic succeded with the following output:
Change Dir: /home/pang/software/okvis/3rdparts/eigen-eigen-07105f7124f9/build/CMakeFiles/CMakeTmp

Run Build Command:/usr/bin/make "cmTryCompileExec904980491/fast"
/usr/bin/make -f CMakeFiles/cmTryCompileExec904980491.dir/build.make CMakeFiles/cmTryCompileExec904980491.dir/build
make[1]: Entering directory `/home/pang/software/okvis/3rdparts/eigen-eigen-07105f7124f9/build/CMakeFiles/CMakeTmp'
/usr/bin/cmake -E cmake_progress_report /home/pang/software/okvis/3rdparts/eigen-eigen-07105f7124f9/build/CMakeFiles/CMakeTmp/CMakeFiles 1
Building CXX object CMakeFiles/cmTryCompileExec904980491.dir/src.cxx.o
/usr/bin/c++    -fexceptions -DCOMPILER_SUPPORT_pedantic -Werror   -pedantic -o CMakeFiles/cmTryCompileExec904980491.dir/src.cxx.o -c /home/pang/software/okvis/3rdparts/eigen-eigen-07105f7124f9/build/CMakeFiles/CMakeTmp/src.cxx
Linking CXX executable cmTryCompileExec904980491
/usr/bin/cmake -E cmake_link_script CMakeFiles/cmTryCompileExec904980491.dir/link.txt --verbose=1
/usr/bin/c++    -fexceptions -DCOMPILER_SUPPORT_pedantic -Werror    CMakeFiles/cmTryCompileExec904980491.dir/src.cxx.o  -o cmTryCompileExec904980491 -rdynamic 
make[1]: Leaving directory `/home/pang/software/okvis/3rdparts/eigen-eigen-07105f7124f9/build/CMakeFiles/CMakeTmp'

Source file was:
int main() { return 0;}
Performing C++ SOURCE FILE Test COMPILER_SUPPORT_Wall succeded with the following output:
Change Dir: /home/pang/software/okvis/3rdparts/eigen-eigen-07105f7124f9/build/CMakeFiles/CMakeTmp

Run Build Command:/usr/bin/make "cmTryCompileExec2222106762/fast"
/usr/bin/make -f CMakeFiles/cmTryCompileExec2222106762.dir/build.make CMakeFiles/cmTryCompileExec2222106762.dir/build
make[1]: Entering directory `/home/pang/software/okvis/3rdparts/eigen-eigen-07105f7124f9/build/CMakeFiles/CMakeTmp'
/usr/bin/cmake -E cmake_progress_report /home/pang/software/okvis/3rdparts/eigen-eigen-07105f7124f9/build/CMakeFiles/CMakeTmp/CMakeFiles 1
Building CXX object CMakeFiles/cmTryCompileExec2222106762.dir/src.cxx.o
/usr/bin/c++    -fexceptions -pedantic -DCOMPILER_SUPPORT_Wall -Werror   -Wall -o CMakeFiles/cmTryCompileExec2222106762.dir/src.cxx.o -c /home/pang/software/okvis/3rdparts/eigen-eigen-07105f7124f9/build/CMakeFiles/CMakeTmp/src.cxx
Linking CXX executable cmTryCompileExec2222106762
/usr/bin/cmake -E cmake_link_script CMakeFiles/cmTryCompileExec2222106762.dir/link.txt --verbose=1
/usr/bin/c++    -fexceptions -pedantic -DCOMPILER_SUPPORT_Wall -Werror    CMakeFiles/cmTryCompileExec2222106762.dir/src.cxx.o  -o cmTryCompileExec2222106762 -rdynamic 
make[1]: Leaving directory `/home/pang/software/okvis/3rdparts/eigen-eigen-07105f7124f9/build/CMakeFiles/CMakeTmp'

Source file was:
int main() { return 0;}
Performing C++ SOURCE FILE Test COMPILER_SUPPORT_Wextra succeded with the following output:
Change Dir: /home/pang/software/okvis/3rdparts/eigen-eigen-07105f7124f9/build/CMakeFiles/CMakeTmp

Run Build Command:/usr/bin/make "cmTryCompileExec1139560840/fast"
/usr/bin/make -f CMakeFiles/cmTryCompileExec1139560840.dir/build.make CMakeFiles/cmTryCompileExec1139560840.dir/build
make[1]: Entering directory `/home/pang/software/okvis/3rdparts/eigen-eigen-07105f7124f9/build/CMakeFiles/CMakeTmp'
/usr/bin/cmake -E cmake_progress_report /home/pang/software/okvis/3rdparts/eigen-eigen-07105f7124f9/build/CMakeFiles/CMakeTmp/CMakeFiles 1
Building CXX object CMakeFiles/cmTryCompileExec1139560840.dir/src.cxx.o
/usr/bin/c++    -fexceptions -pedantic -Wall -DCOMPILER_SUPPORT_Wextra -Werror   -Wextra -o CMakeFiles/cmTryCompileExec1139560840.dir/src.cxx.o -c /home/pang/software/okvis/3rdparts/eigen-eigen-07105f7124f9/build/CMakeFiles/CMakeTmp/src.cxx
Linking CXX executable cmTryCompileExec1139560840
/usr/bin/cmake -E cmake_link_script CMakeFiles/cmTryCompileExec1139560840.dir/link.txt --verbose=1
/usr/bin/c++    -fexceptions -pedantic -Wall -DCOMPILER_SUPPORT_Wextra -Werror    CMakeFiles/cmTryCompileExec1139560840.dir/src.cxx.o  -o cmTryCompileExec1139560840 -rdynamic 
make[1]: Leaving directory `/home/pang/software/okvis/3rdparts/eigen-eigen-07105f7124f9/build/CMakeFiles/CMakeTmp'

Source file was:
int main() { return 0;}
Performing C++ SOURCE FILE Test COMPILER_SUPPORT_Wundef succeded with the following output:
Change Dir: /home/pang/software/okvis/3rdparts/eigen-eigen-07105f7124f9/build/CMakeFiles/CMakeTmp

Run Build Command:/usr/bin/make "cmTryCompileExec30408192/fast"
/usr/bin/make -f CMakeFiles/cmTryCompileExec30408192.dir/build.make CMakeFiles/cmTryCompileExec30408192.dir/build
make[1]: Entering directory `/home/pang/software/okvis/3rdparts/eigen-eigen-07105f7124f9/build/CMakeFiles/CMakeTmp'
/usr/bin/cmake -E cmake_progress_report /home/pang/software/okvis/3rdparts/eigen-eigen-07105f7124f9/build/CMakeFiles/CMakeTmp/CMakeFiles 1
Building CXX object CMakeFiles/cmTryCompileExec30408192.dir/src.cxx.o
/usr/bin/c++    -fexceptions -pedantic -Wall -Wextra -DCOMPILER_SUPPORT_Wundef -Werror   -Wundef -o CMakeFiles/cmTryCompileExec30408192.dir/src.cxx.o -c /home/pang/software/okvis/3rdparts/eigen-eigen-07105f7124f9/build/CMakeFiles/CMakeTmp/src.cxx
Linking CXX executable cmTryCompileExec30408192
/usr/bin/cmake -E cmake_link_script CMakeFiles/cmTryCompileExec30408192.dir/link.txt --verbose=1
/usr/bin/c++    -fexceptions -pedantic -Wall -Wextra -DCOMPILER_SUPPORT_Wundef -Werror    CMakeFiles/cmTryCompileExec30408192.dir/src.cxx.o  -o cmTryCompileExec30408192 -rdynamic 
make[1]: Leaving directory `/home/pang/software/okvis/3rdparts/eigen-eigen-07105f7124f9/build/CMakeFiles/CMakeTmp'

Source file was:
int main() { return 0;}
Performing C++ SOURCE FILE Test COMPILER_SUPPORT_Wcastalign succeded with the following output:
Change Dir: /home/pang/software/okvis/3rdparts/eigen-eigen-07105f7124f9/build/CMakeFiles/CMakeTmp

Run Build Command:/usr/bin/make "cmTryCompileExec4039458431/fast"
/usr/bin/make -f CMakeFiles/cmTryCompileExec4039458431.dir/build.make CMakeFiles/cmTryCompileExec4039458431.dir/build
make[1]: Entering directory `/home/pang/software/okvis/3rdparts/eigen-eigen-07105f7124f9/build/CMakeFiles/CMakeTmp'
/usr/bin/cmake -E cmake_progress_report /home/pang/software/okvis/3rdparts/eigen-eigen-07105f7124f9/build/CMakeFiles/CMakeTmp/CMakeFiles 1
Building CXX object CMakeFiles/cmTryCompileExec4039458431.dir/src.cxx.o
/usr/bin/c++    -fexceptions -pedantic -Wall -Wextra -Wundef -DCOMPILER_SUPPORT_Wcastalign -Werror   -Wcast-align -o CMakeFiles/cmTryCompileExec4039458431.dir/src.cxx.o -c /home/pang/software/okvis/3rdparts/eigen-eigen-07105f7124f9/build/CMakeFiles/CMakeTmp/src.cxx
Linking CXX executable cmTryCompileExec4039458431
/usr/bin/cmake -E cmake_link_script CMakeFiles/cmTryCompileExec4039458431.dir/link.txt --verbose=1
/usr/bin/c++    -fexceptions -pedantic -Wall -Wextra -Wundef -DCOMPILER_SUPPORT_Wcastalign -Werror    CMakeFiles/cmTryCompileExec4039458431.dir/src.cxx.o  -o cmTryCompileExec4039458431 -rdynamic 
make[1]: Leaving directory `/home/pang/software/okvis/3rdparts/eigen-eigen-07105f7124f9/build/CMakeFiles/CMakeTmp'

Source file was:
int main() { return 0;}
Performing C++ SOURCE FILE Test COMPILER_SUPPORT_Wcharsubscripts succeded with the following output:
Change Dir: /home/pang/software/okvis/3rdparts/eigen-eigen-07105f7124f9/build/CMakeFiles/CMakeTmp

Run Build Command:/usr/bin/make "cmTryCompileExec607727588/fast"
/usr/bin/make -f CMakeFiles/cmTryCompileExec607727588.dir/build.make CMakeFiles/cmTryCompileExec607727588.dir/build
make[1]: Entering directory `/home/pang/software/okvis/3rdparts/eigen-eigen-07105f7124f9/build/CMakeFiles/CMakeTmp'
/usr/bin/cmake -E cmake_progress_report /home/pang/software/okvis/3rdparts/eigen-eigen-07105f7124f9/build/CMakeFiles/CMakeTmp/CMakeFiles 1
Building CXX object CMakeFiles/cmTryCompileExec607727588.dir/src.cxx.o
/usr/bin/c++    -fexceptions -pedantic -Wall -Wextra -Wundef -Wcast-align -DCOMPILER_SUPPORT_Wcharsubscripts -Werror   -Wchar-subscripts -o CMakeFiles/cmTryCompileExec607727588.dir/src.cxx.o -c /home/pang/software/okvis/3rdparts/eigen-eigen-07105f7124f9/build/CMakeFiles/CMakeTmp/src.cxx
Linking CXX executable cmTryCompileExec607727588
/usr/bin/cmake -E cmake_link_script CMakeFiles/cmTryCompileExec607727588.dir/link.txt --verbose=1
/usr/bin/c++    -fexceptions -pedantic -Wall -Wextra -Wundef -Wcast-align -DCOMPILER_SUPPORT_Wcharsubscripts -Werror    CMakeFiles/cmTryCompileExec607727588.dir/src.cxx.o  -o cmTryCompileExec607727588 -rdynamic 
make[1]: Leaving directory `/home/pang/software/okvis/3rdparts/eigen-eigen-07105f7124f9/build/CMakeFiles/CMakeTmp'

Source file was:
int main() { return 0;}
Performing C++ SOURCE FILE Test COMPILER_SUPPORT_Wnonvirtualdtor succeded with the following output:
Change Dir: /home/pang/software/okvis/3rdparts/eigen-eigen-07105f7124f9/build/CMakeFiles/CMakeTmp

Run Build Command:/usr/bin/make "cmTryCompileExec3461731753/fast"
/usr/bin/make -f CMakeFiles/cmTryCompileExec3461731753.dir/build.make CMakeFiles/cmTryCompileExec3461731753.dir/build
make[1]: Entering directory `/home/pang/software/okvis/3rdparts/eigen-eigen-07105f7124f9/build/CMakeFiles/CMakeTmp'
/usr/bin/cmake -E cmake_progress_report /home/pang/software/okvis/3rdparts/eigen-eigen-07105f7124f9/build/CMakeFiles/CMakeTmp/CMakeFiles 1
Building CXX object CMakeFiles/cmTryCompileExec3461731753.dir/src.cxx.o
/usr/bin/c++    -fexceptions -pedantic -Wall -Wextra -Wundef -Wcast-align -Wchar-subscripts -DCOMPILER_SUPPORT_Wnonvirtualdtor -Werror   -Wnon-virtual-dtor -o CMakeFiles/cmTryCompileExec3461731753.dir/src.cxx.o -c /home/pang/software/okvis/3rdparts/eigen-eigen-07105f7124f9/build/CMakeFiles/CMakeTmp/src.cxx
Linking CXX executable cmTryCompileExec3461731753
/usr/bin/cmake -E cmake_link_script CMakeFiles/cmTryCompileExec3461731753.dir/link.txt --verbose=1
/usr/bin/c++    -fexceptions -pedantic -Wall -Wextra -Wundef -Wcast-align -Wchar-subscripts -DCOMPILER_SUPPORT_Wnonvirtualdtor -Werror    CMakeFiles/cmTryCompileExec3461731753.dir/src.cxx.o  -o cmTryCompileExec3461731753 -rdynamic 
make[1]: Leaving directory `/home/pang/software/okvis/3rdparts/eigen-eigen-07105f7124f9/build/CMakeFiles/CMakeTmp'

Source file was:
int main() { return 0;}
Performing C++ SOURCE FILE Test COMPILER_SUPPORT_Wunusedlocaltypedefs succeded with the following output:
Change Dir: /home/pang/software/okvis/3rdparts/eigen-eigen-07105f7124f9/build/CMakeFiles/CMakeTmp

Run Build Command:/usr/bin/make "cmTryCompileExec2224106412/fast"
/usr/bin/make -f CMakeFiles/cmTryCompileExec2224106412.dir/build.make CMakeFiles/cmTryCompileExec2224106412.dir/build
make[1]: Entering directory `/home/pang/software/okvis/3rdparts/eigen-eigen-07105f7124f9/build/CMakeFiles/CMakeTmp'
/usr/bin/cmake -E cmake_progress_report /home/pang/software/okvis/3rdparts/eigen-eigen-07105f7124f9/build/CMakeFiles/CMakeTmp/CMakeFiles 1
Building CXX object CMakeFiles/cmTryCompileExec2224106412.dir/src.cxx.o
/usr/bin/c++    -fexceptions -pedantic -Wall -Wextra -Wundef -Wcast-align -Wchar-subscripts -Wnon-virtual-dtor -DCOMPILER_SUPPORT_Wunusedlocaltypedefs -Werror   -Wunused-local-typedefs -o CMakeFiles/cmTryCompileExec2224106412.dir/src.cxx.o -c /home/pang/software/okvis/3rdparts/eigen-eigen-07105f7124f9/build/CMakeFiles/CMakeTmp/src.cxx
Linking CXX executable cmTryCompileExec2224106412
/usr/bin/cmake -E cmake_link_script CMakeFiles/cmTryCompileExec2224106412.dir/link.txt --verbose=1
/usr/bin/c++    -fexceptions -pedantic -Wall -Wextra -Wundef -Wcast-align -Wchar-subscripts -Wnon-virtual-dtor -DCOMPILER_SUPPORT_Wunusedlocaltypedefs -Werror    CMakeFiles/cmTryCompileExec2224106412.dir/src.cxx.o  -o cmTryCompileExec2224106412 -rdynamic 
make[1]: Leaving directory `/home/pang/software/okvis/3rdparts/eigen-eigen-07105f7124f9/build/CMakeFiles/CMakeTmp'

Source file was:
int main() { return 0;}
Performing C++ SOURCE FILE Test COMPILER_SUPPORT_Wpointerarith succeded with the following output:
Change Dir: /home/pang/software/okvis/3rdparts/eigen-eigen-07105f7124f9/build/CMakeFiles/CMakeTmp

Run Build Command:/usr/bin/make "cmTryCompileExec382442965/fast"
/usr/bin/make -f CMakeFiles/cmTryCompileExec382442965.dir/build.make CMakeFiles/cmTryCompileExec382442965.dir/build
make[1]: Entering directory `/home/pang/software/okvis/3rdparts/eigen-eigen-07105f7124f9/build/CMakeFiles/CMakeTmp'
/usr/bin/cmake -E cmake_progress_report /home/pang/software/okvis/3rdparts/eigen-eigen-07105f7124f9/build/CMakeFiles/CMakeTmp/CMakeFiles 1
Building CXX object CMakeFiles/cmTryCompileExec382442965.dir/src.cxx.o
/usr/bin/c++    -fexceptions -pedantic -Wall -Wextra -Wundef -Wcast-align -Wchar-subscripts -Wnon-virtual-dtor -Wunused-local-typedefs -DCOMPILER_SUPPORT_Wpointerarith -Werror   -Wpointer-arith -o CMakeFiles/cmTryCompileExec382442965.dir/src.cxx.o -c /home/pang/software/okvis/3rdparts/eigen-eigen-07105f7124f9/build/CMakeFiles/CMakeTmp/src.cxx
Linking CXX executable cmTryCompileExec382442965
/usr/bin/cmake -E cmake_link_script CMakeFiles/cmTryCompileExec382442965.dir/link.txt --verbose=1
/usr/bin/c++    -fexceptions -pedantic -Wall -Wextra -Wundef -Wcast-align -Wchar-subscripts -Wnon-virtual-dtor -Wunused-local-typedefs -DCOMPILER_SUPPORT_Wpointerarith -Werror    CMakeFiles/cmTryCompileExec382442965.dir/src.cxx.o  -o cmTryCompileExec382442965 -rdynamic 
make[1]: Leaving directory `/home/pang/software/okvis/3rdparts/eigen-eigen-07105f7124f9/build/CMakeFiles/CMakeTmp'

Source file was:
int main() { return 0;}
Performing C++ SOURCE FILE Test COMPILER_SUPPORT_Wwritestrings succeded with the following output:
Change Dir: /home/pang/software/okvis/3rdparts/eigen-eigen-07105f7124f9/build/CMakeFiles/CMakeTmp

Run Build Command:/usr/bin/make "cmTryCompileExec1942371582/fast"
/usr/bin/make -f CMakeFiles/cmTryCompileExec1942371582.dir/build.make CMakeFiles/cmTryCompileExec1942371582.dir/build
make[1]: Entering directory `/home/pang/software/okvis/3rdparts/eigen-eigen-07105f7124f9/build/CMakeFiles/CMakeTmp'
/usr/bin/cmake -E cmake_progress_report /home/pang/software/okvis/3rdparts/eigen-eigen-07105f7124f9/build/CMakeFiles/CMakeTmp/CMakeFiles 1
Building CXX object CMakeFiles/cmTryCompileExec1942371582.dir/src.cxx.o
/usr/bin/c++    -fexceptions -pedantic -Wall -Wextra -Wundef -Wcast-align -Wchar-subscripts -Wnon-virtual-dtor -Wunused-local-typedefs -Wpointer-arith -DCOMPILER_SUPPORT_Wwritestrings -Werror   -Wwrite-strings -o CMakeFiles/cmTryCompileExec1942371582.dir/src.cxx.o -c /home/pang/software/okvis/3rdparts/eigen-eigen-07105f7124f9/build/CMakeFiles/CMakeTmp/src.cxx
Linking CXX executable cmTryCompileExec1942371582
/usr/bin/cmake -E cmake_link_script CMakeFiles/cmTryCompileExec1942371582.dir/link.txt --verbose=1
/usr/bin/c++    -fexceptions -pedantic -Wall -Wextra -Wundef -Wcast-align -Wchar-subscripts -Wnon-virtual-dtor -Wunused-local-typedefs -Wpointer-arith -DCOMPILER_SUPPORT_Wwritestrings -Werror    CMakeFiles/cmTryCompileExec1942371582.dir/src.cxx.o  -o cmTryCompileExec1942371582 -rdynamic 
make[1]: Leaving directory `/home/pang/software/okvis/3rdparts/eigen-eigen-07105f7124f9/build/CMakeFiles/CMakeTmp'

Source file was:
int main() { return 0;}
Performing C++ SOURCE FILE Test COMPILER_SUPPORT_Wformatsecurity succeded with the following output:
Change Dir: /home/pang/software/okvis/3rdparts/eigen-eigen-07105f7124f9/build/CMakeFiles/CMakeTmp

Run Build Command:/usr/bin/make "cmTryCompileExec982782152/fast"
/usr/bin/make -f CMakeFiles/cmTryCompileExec982782152.dir/build.make CMakeFiles/cmTryCompileExec982782152.dir/build
make[1]: Entering directory `/home/pang/software/okvis/3rdparts/eigen-eigen-07105f7124f9/build/CMakeFiles/CMakeTmp'
/usr/bin/cmake -E cmake_progress_report /home/pang/software/okvis/3rdparts/eigen-eigen-07105f7124f9/build/CMakeFiles/CMakeTmp/CMakeFiles 1
Building CXX object CMakeFiles/cmTryCompileExec982782152.dir/src.cxx.o
/usr/bin/c++    -fexceptions -pedantic -Wall -Wextra -Wundef -Wcast-align -Wchar-subscripts -Wnon-virtual-dtor -Wunused-local-typedefs -Wpointer-arith -Wwrite-strings -DCOMPILER_SUPPORT_Wformatsecurity -Werror   -Wformat-security -o CMakeFiles/cmTryCompileExec982782152.dir/src.cxx.o -c /home/pang/software/okvis/3rdparts/eigen-eigen-07105f7124f9/build/CMakeFiles/CMakeTmp/src.cxx
Linking CXX executable cmTryCompileExec982782152
/usr/bin/cmake -E cmake_link_script CMakeFiles/cmTryCompileExec982782152.dir/link.txt --verbose=1
/usr/bin/c++    -fexceptions -pedantic -Wall -Wextra -Wundef -Wcast-align -Wchar-subscripts -Wnon-virtual-dtor -Wunused-local-typedefs -Wpointer-arith -Wwrite-strings -DCOMPILER_SUPPORT_Wformatsecurity -Werror    CMakeFiles/cmTryCompileExec982782152.dir/src.cxx.o  -o cmTryCompileExec982782152 -rdynamic 
make[1]: Leaving directory `/home/pang/software/okvis/3rdparts/eigen-eigen-07105f7124f9/build/CMakeFiles/CMakeTmp'

Source file was:
int main() { return 0;}
Performing C++ SOURCE FILE Test COMPILER_SUPPORT_Wnopsabi succeded with the following output:
Change Dir: /home/pang/software/okvis/3rdparts/eigen-eigen-07105f7124f9/build/CMakeFiles/CMakeTmp

Run Build Command:/usr/bin/make "cmTryCompileExec3545347244/fast"
/usr/bin/make -f CMakeFiles/cmTryCompileExec3545347244.dir/build.make CMakeFiles/cmTryCompileExec3545347244.dir/build
make[1]: Entering directory `/home/pang/software/okvis/3rdparts/eigen-eigen-07105f7124f9/build/CMakeFiles/CMakeTmp'
/usr/bin/cmake -E cmake_progress_report /home/pang/software/okvis/3rdparts/eigen-eigen-07105f7124f9/build/CMakeFiles/CMakeTmp/CMakeFiles 1
Building CXX object CMakeFiles/cmTryCompileExec3545347244.dir/src.cxx.o
/usr/bin/c++    -fexceptions -pedantic -Wall -Wextra -Wundef -Wcast-align -Wchar-subscripts -Wnon-virtual-dtor -Wunused-local-typedefs -Wpointer-arith -Wwrite-strings -Wformat-security -DCOMPILER_SUPPORT_Wnopsabi -Werror   -Wno-psabi -o CMakeFiles/cmTryCompileExec3545347244.dir/src.cxx.o -c /home/pang/software/okvis/3rdparts/eigen-eigen-07105f7124f9/build/CMakeFiles/CMakeTmp/src.cxx
Linking CXX executable cmTryCompileExec3545347244
/usr/bin/cmake -E cmake_link_script CMakeFiles/cmTryCompileExec3545347244.dir/link.txt --verbose=1
/usr/bin/c++    -fexceptions -pedantic -Wall -Wextra -Wundef -Wcast-align -Wchar-subscripts -Wnon-virtual-dtor -Wunused-local-typedefs -Wpointer-arith -Wwrite-strings -Wformat-security -DCOMPILER_SUPPORT_Wnopsabi -Werror    CMakeFiles/cmTryCompileExec3545347244.dir/src.cxx.o  -o cmTryCompileExec3545347244 -rdynamic 
make[1]: Leaving directory `/home/pang/software/okvis/3rdparts/eigen-eigen-07105f7124f9/build/CMakeFiles/CMakeTmp'

Source file was:
int main() { return 0;}
Performing C++ SOURCE FILE Test COMPILER_SUPPORT_Wnovariadicmacros succeded with the following output:
Change Dir: /home/pang/software/okvis/3rdparts/eigen-eigen-07105f7124f9/build/CMakeFiles/CMakeTmp

Run Build Command:/usr/bin/make "cmTryCompileExec2097392608/fast"
/usr/bin/make -f CMakeFiles/cmTryCompileExec2097392608.dir/build.make CMakeFiles/cmTryCompileExec2097392608.dir/build
make[1]: Entering directory `/home/pang/software/okvis/3rdparts/eigen-eigen-07105f7124f9/build/CMakeFiles/CMakeTmp'
/usr/bin/cmake -E cmake_progress_report /home/pang/software/okvis/3rdparts/eigen-eigen-07105f7124f9/build/CMakeFiles/CMakeTmp/CMakeFiles 1
Building CXX object CMakeFiles/cmTryCompileExec2097392608.dir/src.cxx.o
/usr/bin/c++    -fexceptions -pedantic -Wall -Wextra -Wundef -Wcast-align -Wchar-subscripts -Wnon-virtual-dtor -Wunused-local-typedefs -Wpointer-arith -Wwrite-strings -Wformat-security -Wno-psabi -DCOMPILER_SUPPORT_Wnovariadicmacros -Werror   -Wno-variadic-macros -o CMakeFiles/cmTryCompileExec2097392608.dir/src.cxx.o -c /home/pang/software/okvis/3rdparts/eigen-eigen-07105f7124f9/build/CMakeFiles/CMakeTmp/src.cxx
Linking CXX executable cmTryCompileExec2097392608
/usr/bin/cmake -E cmake_link_script CMakeFiles/cmTryCompileExec2097392608.dir/link.txt --verbose=1
/usr/bin/c++    -fexceptions -pedantic -Wall -Wextra -Wundef -Wcast-align -Wchar-subscripts -Wnon-virtual-dtor -Wunused-local-typedefs -Wpointer-arith -Wwrite-strings -Wformat-security -Wno-psabi -DCOMPILER_SUPPORT_Wnovariadicmacros -Werror    CMakeFiles/cmTryCompileExec2097392608.dir/src.cxx.o  -o cmTryCompileExec2097392608 -rdynamic 
make[1]: Leaving directory `/home/pang/software/okvis/3rdparts/eigen-eigen-07105f7124f9/build/CMakeFiles/CMakeTmp'

Source file was:
int main() { return 0;}
Performing C++ SOURCE FILE Test COMPILER_SUPPORT_Wnolonglong succeded with the following output:
Change Dir: /home/pang/software/okvis/3rdparts/eigen-eigen-07105f7124f9/build/CMakeFiles/CMakeTmp

Run Build Command:/usr/bin/make "cmTryCompileExec3614554340/fast"
/usr/bin/make -f CMakeFiles/cmTryCompileExec3614554340.dir/build.make CMakeFiles/cmTryCompileExec3614554340.dir/build
make[1]: Entering directory `/home/pang/software/okvis/3rdparts/eigen-eigen-07105f7124f9/build/CMakeFiles/CMakeTmp'
/usr/bin/cmake -E cmake_progress_report /home/pang/software/okvis/3rdparts/eigen-eigen-07105f7124f9/build/CMakeFiles/CMakeTmp/CMakeFiles 1
Building CXX object CMakeFiles/cmTryCompileExec3614554340.dir/src.cxx.o
/usr/bin/c++    -fexceptions -pedantic -Wall -Wextra -Wundef -Wcast-align -Wchar-subscripts -Wnon-virtual-dtor -Wunused-local-typedefs -Wpointer-arith -Wwrite-strings -Wformat-security -Wno-psabi -Wno-variadic-macros -DCOMPILER_SUPPORT_Wnolonglong -Werror   -Wno-long-long -o CMakeFiles/cmTryCompileExec3614554340.dir/src.cxx.o -c /home/pang/software/okvis/3rdparts/eigen-eigen-07105f7124f9/build/CMakeFiles/CMakeTmp/src.cxx
Linking CXX executable cmTryCompileExec3614554340
/usr/bin/cmake -E cmake_link_script CMakeFiles/cmTryCompileExec3614554340.dir/link.txt --verbose=1
/usr/bin/c++    -fexceptions -pedantic -Wall -Wextra -Wundef -Wcast-align -Wchar-subscripts -Wnon-virtual-dtor -Wunused-local-typedefs -Wpointer-arith -Wwrite-strings -Wformat-security -Wno-psabi -Wno-variadic-macros -DCOMPILER_SUPPORT_Wnolonglong -Werror    CMakeFiles/cmTryCompileExec3614554340.dir/src.cxx.o  -o cmTryCompileExec3614554340 -rdynamic 
make[1]: Leaving directory `/home/pang/software/okvis/3rdparts/eigen-eigen-07105f7124f9/build/CMakeFiles/CMakeTmp'

Source file was:
int main() { return 0;}
Performing C++ SOURCE FILE Test COMPILER_SUPPORT_fnochecknew succeded with the following output:
Change Dir: /home/pang/software/okvis/3rdparts/eigen-eigen-07105f7124f9/build/CMakeFiles/CMakeTmp

Run Build Command:/usr/bin/make "cmTryCompileExec4284569603/fast"
/usr/bin/make -f CMakeFiles/cmTryCompileExec4284569603.dir/build.make CMakeFiles/cmTryCompileExec4284569603.dir/build
make[1]: Entering directory `/home/pang/software/okvis/3rdparts/eigen-eigen-07105f7124f9/build/CMakeFiles/CMakeTmp'
/usr/bin/cmake -E cmake_progress_report /home/pang/software/okvis/3rdparts/eigen-eigen-07105f7124f9/build/CMakeFiles/CMakeTmp/CMakeFiles 1
Building CXX object CMakeFiles/cmTryCompileExec4284569603.dir/src.cxx.o
/usr/bin/c++    -fexceptions -pedantic -Wall -Wextra -Wundef -Wcast-align -Wchar-subscripts -Wnon-virtual-dtor -Wunused-local-typedefs -Wpointer-arith -Wwrite-strings -Wformat-security -Wno-psabi -Wno-variadic-macros -Wno-long-long -DCOMPILER_SUPPORT_fnochecknew -Werror   -fno-check-new -o CMakeFiles/cmTryCompileExec4284569603.dir/src.cxx.o -c /home/pang/software/okvis/3rdparts/eigen-eigen-07105f7124f9/build/CMakeFiles/CMakeTmp/src.cxx
Linking CXX executable cmTryCompileExec4284569603
/usr/bin/cmake -E cmake_link_script CMakeFiles/cmTryCompileExec4284569603.dir/link.txt --verbose=1
/usr/bin/c++    -fexceptions -pedantic -Wall -Wextra -Wundef -Wcast-align -Wchar-subscripts -Wnon-virtual-dtor -Wunused-local-typedefs -Wpointer-arith -Wwrite-strings -Wformat-security -Wno-psabi -Wno-variadic-macros -Wno-long-long -DCOMPILER_SUPPORT_fnochecknew -Werror    CMakeFiles/cmTryCompileExec4284569603.dir/src.cxx.o  -o cmTryCompileExec4284569603 -rdynamic 
make[1]: Leaving directory `/home/pang/software/okvis/3rdparts/eigen-eigen-07105f7124f9/build/CMakeFiles/CMakeTmp'

Source file was:
int main() { return 0;}
Performing C++ SOURCE FILE Test COMPILER_SUPPORT_fnocommon succeded with the following output:
Change Dir: /home/pang/software/okvis/3rdparts/eigen-eigen-07105f7124f9/build/CMakeFiles/CMakeTmp

Run Build Command:/usr/bin/make "cmTryCompileExec3733552978/fast"
/usr/bin/make -f CMakeFiles/cmTryCompileExec3733552978.dir/build.make CMakeFiles/cmTryCompileExec3733552978.dir/build
make[1]: Entering directory `/home/pang/software/okvis/3rdparts/eigen-eigen-07105f7124f9/build/CMakeFiles/CMakeTmp'
/usr/bin/cmake -E cmake_progress_report /home/pang/software/okvis/3rdparts/eigen-eigen-07105f7124f9/build/CMakeFiles/CMakeTmp/CMakeFiles 1
Building CXX object CMakeFiles/cmTryCompileExec3733552978.dir/src.cxx.o
/usr/bin/c++    -fexceptions -pedantic -Wall -Wextra -Wundef -Wcast-align -Wchar-subscripts -Wnon-virtual-dtor -Wunused-local-typedefs -Wpointer-arith -Wwrite-strings -Wformat-security -Wno-psabi -Wno-variadic-macros -Wno-long-long -fno-check-new -DCOMPILER_SUPPORT_fnocommon -Werror   -fno-common -o CMakeFiles/cmTryCompileExec3733552978.dir/src.cxx.o -c /home/pang/software/okvis/3rdparts/eigen-eigen-07105f7124f9/build/CMakeFiles/CMakeTmp/src.cxx
Linking CXX executable cmTryCompileExec3733552978
/usr/bin/cmake -E cmake_link_script CMakeFiles/cmTryCompileExec3733552978.dir/link.txt --verbose=1
/usr/bin/c++    -fexceptions -pedantic -Wall -Wextra -Wundef -Wcast-align -Wchar-subscripts -Wnon-virtual-dtor -Wunused-local-typedefs -Wpointer-arith -Wwrite-strings -Wformat-security -Wno-psabi -Wno-variadic-macros -Wno-long-long -fno-check-new -DCOMPILER_SUPPORT_fnocommon -Werror    CMakeFiles/cmTryCompileExec3733552978.dir/src.cxx.o  -o cmTryCompileExec3733552978 -rdynamic 
make[1]: Leaving directory `/home/pang/software/okvis/3rdparts/eigen-eigen-07105f7124f9/build/CMakeFiles/CMakeTmp'

Source file was:
int main() { return 0;}
Performing C++ SOURCE FILE Test COMPILER_SUPPORT_fstrictaliasing succeded with the following output:
Change Dir: /home/pang/software/okvis/3rdparts/eigen-eigen-07105f7124f9/build/CMakeFiles/CMakeTmp

Run Build Command:/usr/bin/make "cmTryCompileExec1884035978/fast"
/usr/bin/make -f CMakeFiles/cmTryCompileExec1884035978.dir/build.make CMakeFiles/cmTryCompileExec1884035978.dir/build
make[1]: Entering directory `/home/pang/software/okvis/3rdparts/eigen-eigen-07105f7124f9/build/CMakeFiles/CMakeTmp'
/usr/bin/cmake -E cmake_progress_report /home/pang/software/okvis/3rdparts/eigen-eigen-07105f7124f9/build/CMakeFiles/CMakeTmp/CMakeFiles 1
Building CXX object CMakeFiles/cmTryCompileExec1884035978.dir/src.cxx.o
/usr/bin/c++    -fexceptions -pedantic -Wall -Wextra -Wundef -Wcast-align -Wchar-subscripts -Wnon-virtual-dtor -Wunused-local-typedefs -Wpointer-arith -Wwrite-strings -Wformat-security -Wno-psabi -Wno-variadic-macros -Wno-long-long -fno-check-new -fno-common -DCOMPILER_SUPPORT_fstrictaliasing -Werror   -fstrict-aliasing -o CMakeFiles/cmTryCompileExec1884035978.dir/src.cxx.o -c /home/pang/software/okvis/3rdparts/eigen-eigen-07105f7124f9/build/CMakeFiles/CMakeTmp/src.cxx
Linking CXX executable cmTryCompileExec1884035978
/usr/bin/cmake -E cmake_link_script CMakeFiles/cmTryCompileExec1884035978.dir/link.txt --verbose=1
/usr/bin/c++    -fexceptions -pedantic -Wall -Wextra -Wundef -Wcast-align -Wchar-subscripts -Wnon-virtual-dtor -Wunused-local-typedefs -Wpointer-arith -Wwrite-strings -Wformat-security -Wno-psabi -Wno-variadic-macros -Wno-long-long -fno-check-new -fno-common -DCOMPILER_SUPPORT_fstrictaliasing -Werror    CMakeFiles/cmTryCompileExec1884035978.dir/src.cxx.o  -o cmTryCompileExec1884035978 -rdynamic 
make[1]: Leaving directory `/home/pang/software/okvis/3rdparts/eigen-eigen-07105f7124f9/build/CMakeFiles/CMakeTmp'

Source file was:
int main() { return 0;}
Performing C++ SOURCE FILE Test COMPILER_SUPPORT_ansi succeded with the following output:
Change Dir: /home/pang/software/okvis/3rdparts/eigen-eigen-07105f7124f9/build/CMakeFiles/CMakeTmp

Run Build Command:/usr/bin/make "cmTryCompileExec3748693293/fast"
/usr/bin/make -f CMakeFiles/cmTryCompileExec3748693293.dir/build.make CMakeFiles/cmTryCompileExec3748693293.dir/build
make[1]: Entering directory `/home/pang/software/okvis/3rdparts/eigen-eigen-07105f7124f9/build/CMakeFiles/CMakeTmp'
/usr/bin/cmake -E cmake_progress_report /home/pang/software/okvis/3rdparts/eigen-eigen-07105f7124f9/build/CMakeFiles/CMakeTmp/CMakeFiles 1
Building CXX object CMakeFiles/cmTryCompileExec3748693293.dir/src.cxx.o
/usr/bin/c++    -fexceptions -pedantic -Wall -Wextra -Wundef -Wcast-align -Wchar-subscripts -Wnon-virtual-dtor -Wunused-local-typedefs -Wpointer-arith -Wwrite-strings -Wformat-security -Wno-psabi -Wno-variadic-macros -Wno-long-long -fno-check-new -fno-common -fstrict-aliasing -DCOMPILER_SUPPORT_ansi -Werror   -ansi -o CMakeFiles/cmTryCompileExec3748693293.dir/src.cxx.o -c /home/pang/software/okvis/3rdparts/eigen-eigen-07105f7124f9/build/CMakeFiles/CMakeTmp/src.cxx
Linking CXX executable cmTryCompileExec3748693293
/usr/bin/cmake -E cmake_link_script CMakeFiles/cmTryCompileExec3748693293.dir/link.txt --verbose=1
/usr/bin/c++    -fexceptions -pedantic -Wall -Wextra -Wundef -Wcast-align -Wchar-subscripts -Wnon-virtual-dtor -Wunused-local-typedefs -Wpointer-arith -Wwrite-strings -Wformat-security -Wno-psabi -Wno-variadic-macros -Wno-long-long -fno-check-new -fno-common -fstrict-aliasing -DCOMPILER_SUPPORT_ansi -Werror    CMakeFiles/cmTryCompileExec3748693293.dir/src.cxx.o  -o cmTryCompileExec3748693293 -rdynamic 
make[1]: Leaving directory `/home/pang/software/okvis/3rdparts/eigen-eigen-07105f7124f9/build/CMakeFiles/CMakeTmp'

Source file was:
int main() { return 0;}
Performing C++ SOURCE FILE Test COMPILER_SUPPORT_OPENMP succeded with the following output:
Change Dir: /home/pang/software/okvis/3rdparts/eigen-eigen-07105f7124f9/build/CMakeFiles/CMakeTmp

Run Build Command:/usr/bin/make "cmTryCompileExec195489420/fast"
/usr/bin/make -f CMakeFiles/cmTryCompileExec195489420.dir/build.make CMakeFiles/cmTryCompileExec195489420.dir/build
make[1]: Entering directory `/home/pang/software/okvis/3rdparts/eigen-eigen-07105f7124f9/build/CMakeFiles/CMakeTmp'
/usr/bin/cmake -E cmake_progress_report /home/pang/software/okvis/3rdparts/eigen-eigen-07105f7124f9/build/CMakeFiles/CMakeTmp/CMakeFiles 1
Building CXX object CMakeFiles/cmTryCompileExec195489420.dir/src.cxx.o
/usr/bin/c++    -fexceptions -pedantic -Wall -Wextra -Wundef -Wcast-align -Wchar-subscripts -Wnon-virtual-dtor -Wunused-local-typedefs -Wpointer-arith -Wwrite-strings -Wformat-security -Wno-psabi -Wno-variadic-macros -Wno-long-long -fno-check-new -fno-common -fstrict-aliasing -ansi -DCOMPILER_SUPPORT_OPENMP   -fopenmp -o CMakeFiles/cmTryCompileExec195489420.dir/src.cxx.o -c /home/pang/software/okvis/3rdparts/eigen-eigen-07105f7124f9/build/CMakeFiles/CMakeTmp/src.cxx
Linking CXX executable cmTryCompileExec195489420
/usr/bin/cmake -E cmake_link_script CMakeFiles/cmTryCompileExec195489420.dir/link.txt --verbose=1
/usr/bin/c++    -fexceptions -pedantic -Wall -Wextra -Wundef -Wcast-align -Wchar-subscripts -Wnon-virtual-dtor -Wunused-local-typedefs -Wpointer-arith -Wwrite-strings -Wformat-security -Wno-psabi -Wno-variadic-macros -Wno-long-long -fno-check-new -fno-common -fstrict-aliasing -ansi -DCOMPILER_SUPPORT_OPENMP    CMakeFiles/cmTryCompileExec195489420.dir/src.cxx.o  -o cmTryCompileExec195489420 -rdynamic 
make[1]: Leaving directory `/home/pang/software/okvis/3rdparts/eigen-eigen-07105f7124f9/build/CMakeFiles/CMakeTmp'

Source file was:
int main() { return 0;}
Determining if the Q_WS_X11 exist passed with the following output:
Change Dir: /home/pang/software/okvis/3rdparts/eigen-eigen-07105f7124f9/build/CMakeFiles/CMakeTmp

Run Build Command:/usr/bin/make "cmTryCompileExec2625053993/fast"
/usr/bin/make -f CMakeFiles/cmTryCompileExec2625053993.dir/build.make CMakeFiles/cmTryCompileExec2625053993.dir/build
make[1]: Entering directory `/home/pang/software/okvis/3rdparts/eigen-eigen-07105f7124f9/build/CMakeFiles/CMakeTmp'
/usr/bin/cmake -E cmake_progress_report /home/pang/software/okvis/3rdparts/eigen-eigen-07105f7124f9/build/CMakeFiles/CMakeTmp/CMakeFiles 1
Building CXX object CMakeFiles/cmTryCompileExec2625053993.dir/CheckSymbolExists.cxx.o
/usr/bin/c++    -fexceptions -pedantic -Wall -Wextra -Wundef -Wcast-align -Wchar-subscripts -Wnon-virtual-dtor -Wunused-local-typedefs -Wpointer-arith -Wwrite-strings -Wformat-security -Wno-psabi -Wno-variadic-macros -Wno-long-long -fno-check-new -fno-common -fstrict-aliasing -ansi -O1 -g1  -I/usr/include/qt4    -o CMakeFiles/cmTryCompileExec2625053993.dir/CheckSymbolExists.cxx.o -c /home/pang/software/okvis/3rdparts/eigen-eigen-07105f7124f9/build/CMakeFiles/CMakeTmp/CheckSymbolExists.cxx
Linking CXX executable cmTryCompileExec2625053993
/usr/bin/cmake -E cmake_link_script CMakeFiles/cmTryCompileExec2625053993.dir/link.txt --verbose=1
/usr/bin/c++    -fexceptions -pedantic -Wall -Wextra -Wundef -Wcast-align -Wchar-subscripts -Wnon-virtual-dtor -Wunused-local-typedefs -Wpointer-arith -Wwrite-strings -Wformat-security -Wno-psabi -Wno-variadic-macros -Wno-long-long -fno-check-new -fno-common -fstrict-aliasing -ansi -O1 -g1     CMakeFiles/cmTryCompileExec2625053993.dir/CheckSymbolExists.cxx.o  -o cmTryCompileExec2625053993 -rdynamic 
make[1]: Leaving directory `/home/pang/software/okvis/3rdparts/eigen-eigen-07105f7124f9/build/CMakeFiles/CMakeTmp'

File /home/pang/software/okvis/3rdparts/eigen-eigen-07105f7124f9/build/CMakeFiles/CMakeTmp/CheckSymbolExists.cxx:
/* */
#include <QtCore/qglobal.h>

int main(int argc, char** argv)
{
  (void)argv;
#ifndef Q_WS_X11
  return ((int*)(&Q_WS_X11))[argc];
#else
  (void)argc;
  return 0;
#endif
}

Compiling the Fortran compiler identification source file "CMakeFortranCompilerId.F" succeeded.
Compiler: /usr/bin/gfortran 
Build flags: 
Id flags: 

The output was:
0


Compilation of the Fortran compiler identification source "CMakeFortranCompilerId.F" produced "a.out"

The Fortran compiler identification is GNU, found in "/home/pang/software/okvis/3rdparts/eigen-eigen-07105f7124f9/build/CMakeFiles/2.8.12.2/CompilerIdFortran/a.out"

Determining if the Fortran compiler works passed with the following output:
Change Dir: /home/pang/software/okvis/3rdparts/eigen-eigen-07105f7124f9/build/CMakeFiles/CMakeTmp

Run Build Command:/usr/bin/make "cmTryCompileExec553244964/fast"
/usr/bin/make -f CMakeFiles/cmTryCompileExec553244964.dir/build.make CMakeFiles/cmTryCompileExec553244964.dir/build
make[1]: Entering directory `/home/pang/software/okvis/3rdparts/eigen-eigen-07105f7124f9/build/CMakeFiles/CMakeTmp'
/usr/bin/cmake -E cmake_progress_report /home/pang/software/okvis/3rdparts/eigen-eigen-07105f7124f9/build/CMakeFiles/CMakeTmp/CMakeFiles 1
Building Fortran object CMakeFiles/cmTryCompileExec553244964.dir/testFortranCompiler.f.o
/usr/bin/gfortran    -c /home/pang/software/okvis/3rdparts/eigen-eigen-07105f7124f9/build/CMakeFiles/CMakeTmp/testFortranCompiler.f -o CMakeFiles/cmTryCompileExec553244964.dir/testFortranCompiler.f.o
Linking Fortran executable cmTryCompileExec553244964
/usr/bin/cmake -E cmake_link_script CMakeFiles/cmTryCompileExec553244964.dir/link.txt --verbose=1
/usr/bin/gfortran       CMakeFiles/cmTryCompileExec553244964.dir/testFortranCompiler.f.o  -o cmTryCompileExec553244964 -rdynamic 
make[1]: Leaving directory `/home/pang/software/okvis/3rdparts/eigen-eigen-07105f7124f9/build/CMakeFiles/CMakeTmp'


Detecting Fortran compiler ABI info compiled with the following output:
Change Dir: /home/pang/software/okvis/3rdparts/eigen-eigen-07105f7124f9/build/CMakeFiles/CMakeTmp

Run Build Command:/usr/bin/make "cmTryCompileExec2098661356/fast"
/usr/bin/make -f CMakeFiles/cmTryCompileExec2098661356.dir/build.make CMakeFiles/cmTryCompileExec2098661356.dir/build
make[1]: Entering directory `/home/pang/software/okvis/3rdparts/eigen-eigen-07105f7124f9/build/CMakeFiles/CMakeTmp'
/usr/bin/cmake -E cmake_progress_report /home/pang/software/okvis/3rdparts/eigen-eigen-07105f7124f9/build/CMakeFiles/CMakeTmp/CMakeFiles 1
Building Fortran object CMakeFiles/cmTryCompileExec2098661356.dir/CMakeFortranCompilerABI.F.o
/usr/bin/gfortran    -c /usr/share/cmake-2.8/Modules/CMakeFortranCompilerABI.F -o CMakeFiles/cmTryCompileExec2098661356.dir/CMakeFortranCompilerABI.F.o
Linking Fortran executable cmTryCompileExec2098661356
/usr/bin/cmake -E cmake_link_script CMakeFiles/cmTryCompileExec2098661356.dir/link.txt --verbose=1
/usr/bin/gfortran   -v   CMakeFiles/cmTryCompileExec2098661356.dir/CMakeFortranCompilerABI.F.o  -o cmTryCompileExec2098661356 -rdynamic  
Driving: /usr/bin/gfortran -v CMakeFiles/cmTryCompileExec2098661356.dir/CMakeFortranCompilerABI.F.o -o cmTryCompileExec2098661356 -rdynamic -l gfortran -l m -shared-libgcc
Using built-in specs.
COLLECT_GCC=/usr/bin/gfortran
COLLECT_LTO_WRAPPER=/usr/lib/gcc/x86_64-linux-gnu/4.8/lto-wrapper
Target: x86_64-linux-gnu
Configured with: ../src/configure -v --with-pkgversion='Ubuntu 4.8.4-2ubuntu1~14.04.1' --with-bugurl=file:///usr/share/doc/gcc-4.8/README.Bugs --enable-languages=c,c++,java,go,d,fortran,objc,obj-c++ --prefix=/usr --program-suffix=-4.8 --enable-shared --enable-linker-build-id --libexecdir=/usr/lib --without-included-gettext --enable-threads=posix --with-gxx-include-dir=/usr/include/c++/4.8 --libdir=/usr/lib --enable-nls --with-sysroot=/ --enable-clocale=gnu --enable-libstdcxx-debug --enable-libstdcxx-time=yes --enable-gnu-unique-object --disable-libmudflap --enable-plugin --with-system-zlib --disable-browser-plugin --enable-java-awt=gtk --enable-gtk-cairo --with-java-home=/usr/lib/jvm/java-1.5.0-gcj-4.8-amd64/jre --enable-java-home --with-jvm-root-dir=/usr/lib/jvm/java-1.5.0-gcj-4.8-amd64 --with-jvm-jar-dir=/usr/lib/jvm-exports/java-1.5.0-gcj-4.8-amd64 --with-arch-directory=amd64 --with-ecj-jar=/usr/share/java/eclipse-ecj.jar --enable-objc-gc --enable-multiarch --disable-werror --with-arch-32=i686 --with-abi=m64 --with-multilib-list=m32,m64,mx32 --with-tune=generic --enable-checking=release --build=x86_64-linux-gnu --host=x86_64-linux-gnu --target=x86_64-linux-gnu
Thread model: posix
gcc version 4.8.4 (Ubuntu 4.8.4-2ubuntu1~14.04.1) 
Reading specs from /usr/lib/gcc/x86_64-linux-gnu/4.8/libgfortran.spec
rename spec lib to liborig
COLLECT_GCC_OPTIONS='-v' '-o' 'cmTryCompileExec2098661356' '-rdynamic' '-shared-libgcc' '-mtune=generic' '-march=x86-64'
COMPILER_PATH=/usr/lib/gcc/x86_64-linux-gnu/4.8/:/usr/lib/gcc/x86_64-linux-gnu/4.8/:/usr/lib/gcc/x86_64-linux-gnu/:/usr/lib/gcc/x86_64-linux-gnu/4.8/:/usr/lib/gcc/x86_64-linux-gnu/
LIBRARY_PATH=/usr/lib/gcc/x86_64-linux-gnu/4.8/:/usr/lib/gcc/x86_64-linux-gnu/4.8/../../../x86_64-linux-gnu/:/usr/lib/gcc/x86_64-linux-gnu/4.8/../../../../lib/:/lib/x86_64-linux-gnu/:/lib/../lib/:/usr/lib/x86_64-linux-gnu/:/usr/lib/../lib/:/usr/lib/gcc/x86_64-linux-gnu/4.8/../../../:/lib/:/usr/lib/
COLLECT_GCC_OPTIONS='-v' '-o' 'cmTryCompileExec2098661356' '-rdynamic' '-shared-libgcc' '-mtune=generic' '-march=x86-64'
 /usr/lib/gcc/x86_64-linux-gnu/4.8/collect2 --sysroot=/ --build-id --eh-frame-hdr -m elf_x86_64 --hash-style=gnu --as-needed -export-dynamic -dynamic-linker /lib64/ld-linux-x86-64.so.2 -z relro -o cmTryCompileExec2098661356 /usr/lib/gcc/x86_64-linux-gnu/4.8/../../../x86_64-linux-gnu/crt1.o /usr/lib/gcc/x86_64-linux-gnu/4.8/../../../x86_64-linux-gnu/crti.o /usr/lib/gcc/x86_64-linux-gnu/4.8/crtbegin.o -L/usr/lib/gcc/x86_64-linux-gnu/4.8 -L/usr/lib/gcc/x86_64-linux-gnu/4.8/../../../x86_64-linux-gnu -L/usr/lib/gcc/x86_64-linux-gnu/4.8/../../../../lib -L/lib/x86_64-linux-gnu -L/lib/../lib -L/usr/lib/x86_64-linux-gnu -L/usr/lib/../lib -L/usr/lib/gcc/x86_64-linux-gnu/4.8/../../.. CMakeFiles/cmTryCompileExec2098661356.dir/CMakeFortranCompilerABI.F.o -lgfortran -lm -lgcc_s -lgcc -lquadmath -lm -lgcc_s -lgcc -lc -lgcc_s -lgcc /usr/lib/gcc/x86_64-linux-gnu/4.8/crtend.o /usr/lib/gcc/x86_64-linux-gnu/4.8/../../../x86_64-linux-gnu/crtn.o
make[1]: Leaving directory `/home/pang/software/okvis/3rdparts/eigen-eigen-07105f7124f9/build/CMakeFiles/CMakeTmp'


Parsed Fortran implicit link information from above output:
  link line regex: [^( *|.*[/\])(ld|([^/\]+-)?ld|collect2)[^/\]*( |$)]
  ignore line: [Change Dir: /home/pang/software/okvis/3rdparts/eigen-eigen-07105f7124f9/build/CMakeFiles/CMakeTmp]
  ignore line: []
  ignore line: [Run Build Command:/usr/bin/make "cmTryCompileExec2098661356/fast"]
  ignore line: [/usr/bin/make -f CMakeFiles/cmTryCompileExec2098661356.dir/build.make CMakeFiles/cmTryCompileExec2098661356.dir/build]
  ignore line: [make[1]: Entering directory `/home/pang/software/okvis/3rdparts/eigen-eigen-07105f7124f9/build/CMakeFiles/CMakeTmp']
  ignore line: [/usr/bin/cmake -E cmake_progress_report /home/pang/software/okvis/3rdparts/eigen-eigen-07105f7124f9/build/CMakeFiles/CMakeTmp/CMakeFiles 1]
  ignore line: [Building Fortran object CMakeFiles/cmTryCompileExec2098661356.dir/CMakeFortranCompilerABI.F.o]
  ignore line: [/usr/bin/gfortran    -c /usr/share/cmake-2.8/Modules/CMakeFortranCompilerABI.F -o CMakeFiles/cmTryCompileExec2098661356.dir/CMakeFortranCompilerABI.F.o]
  ignore line: [Linking Fortran executable cmTryCompileExec2098661356]
  ignore line: [/usr/bin/cmake -E cmake_link_script CMakeFiles/cmTryCompileExec2098661356.dir/link.txt --verbose=1]
  ignore line: [/usr/bin/gfortran   -v   CMakeFiles/cmTryCompileExec2098661356.dir/CMakeFortranCompilerABI.F.o  -o cmTryCompileExec2098661356 -rdynamic  ]
  ignore line: [Driving: /usr/bin/gfortran -v CMakeFiles/cmTryCompileExec2098661356.dir/CMakeFortranCompilerABI.F.o -o cmTryCompileExec2098661356 -rdynamic -l gfortran -l m -shared-libgcc]
  ignore line: [Using built-in specs.]
  ignore line: [COLLECT_GCC=/usr/bin/gfortran]
  ignore line: [COLLECT_LTO_WRAPPER=/usr/lib/gcc/x86_64-linux-gnu/4.8/lto-wrapper]
  ignore line: [Target: x86_64-linux-gnu]
  ignore line: [Configured with: ../src/configure -v --with-pkgversion='Ubuntu 4.8.4-2ubuntu1~14.04.1' --with-bugurl=file:///usr/share/doc/gcc-4.8/README.Bugs --enable-languages=c,c++,java,go,d,fortran,objc,obj-c++ --prefix=/usr --program-suffix=-4.8 --enable-shared --enable-linker-build-id --libexecdir=/usr/lib --without-included-gettext --enable-threads=posix --with-gxx-include-dir=/usr/include/c++/4.8 --libdir=/usr/lib --enable-nls --with-sysroot=/ --enable-clocale=gnu --enable-libstdcxx-debug --enable-libstdcxx-time=yes --enable-gnu-unique-object --disable-libmudflap --enable-plugin --with-system-zlib --disable-browser-plugin --enable-java-awt=gtk --enable-gtk-cairo --with-java-home=/usr/lib/jvm/java-1.5.0-gcj-4.8-amd64/jre --enable-java-home --with-jvm-root-dir=/usr/lib/jvm/java-1.5.0-gcj-4.8-amd64 --with-jvm-jar-dir=/usr/lib/jvm-exports/java-1.5.0-gcj-4.8-amd64 --with-arch-directory=amd64 --with-ecj-jar=/usr/share/java/eclipse-ecj.jar --enable-objc-gc --enable-multiarch --disable-werror --with-arch-32=i686 --with-abi=m64 --with-multilib-list=m32,m64,mx32 --with-tune=generic --enable-checking=release --build=x86_64-linux-gnu --host=x86_64-linux-gnu --target=x86_64-linux-gnu]
  ignore line: [Thread model: posix]
  ignore line: [gcc version 4.8.4 (Ubuntu 4.8.4-2ubuntu1~14.04.1) ]
  ignore line: [Reading specs from /usr/lib/gcc/x86_64-linux-gnu/4.8/libgfortran.spec]
  ignore line: [rename spec lib to liborig]
  ignore line: [COLLECT_GCC_OPTIONS='-v' '-o' 'cmTryCompileExec2098661356' '-rdynamic' '-shared-libgcc' '-mtune=generic' '-march=x86-64']
  ignore line: [COMPILER_PATH=/usr/lib/gcc/x86_64-linux-gnu/4.8/:/usr/lib/gcc/x86_64-linux-gnu/4.8/:/usr/lib/gcc/x86_64-linux-gnu/:/usr/lib/gcc/x86_64-linux-gnu/4.8/:/usr/lib/gcc/x86_64-linux-gnu/]
  ignore line: [LIBRARY_PATH=/usr/lib/gcc/x86_64-linux-gnu/4.8/:/usr/lib/gcc/x86_64-linux-gnu/4.8/../../../x86_64-linux-gnu/:/usr/lib/gcc/x86_64-linux-gnu/4.8/../../../../lib/:/lib/x86_64-linux-gnu/:/lib/../lib/:/usr/lib/x86_64-linux-gnu/:/usr/lib/../lib/:/usr/lib/gcc/x86_64-linux-gnu/4.8/../../../:/lib/:/usr/lib/]
  ignore line: [COLLECT_GCC_OPTIONS='-v' '-o' 'cmTryCompileExec2098661356' '-rdynamic' '-shared-libgcc' '-mtune=generic' '-march=x86-64']
  link line: [ /usr/lib/gcc/x86_64-linux-gnu/4.8/collect2 --sysroot=/ --build-id --eh-frame-hdr -m elf_x86_64 --hash-style=gnu --as-needed -export-dynamic -dynamic-linker /lib64/ld-linux-x86-64.so.2 -z relro -o cmTryCompileExec2098661356 /usr/lib/gcc/x86_64-linux-gnu/4.8/../../../x86_64-linux-gnu/crt1.o /usr/lib/gcc/x86_64-linux-gnu/4.8/../../../x86_64-linux-gnu/crti.o /usr/lib/gcc/x86_64-linux-gnu/4.8/crtbegin.o -L/usr/lib/gcc/x86_64-linux-gnu/4.8 -L/usr/lib/gcc/x86_64-linux-gnu/4.8/../../../x86_64-linux-gnu -L/usr/lib/gcc/x86_64-linux-gnu/4.8/../../../../lib -L/lib/x86_64-linux-gnu -L/lib/../lib -L/usr/lib/x86_64-linux-gnu -L/usr/lib/../lib -L/usr/lib/gcc/x86_64-linux-gnu/4.8/../../.. CMakeFiles/cmTryCompileExec2098661356.dir/CMakeFortranCompilerABI.F.o -lgfortran -lm -lgcc_s -lgcc -lquadmath -lm -lgcc_s -lgcc -lc -lgcc_s -lgcc /usr/lib/gcc/x86_64-linux-gnu/4.8/crtend.o /usr/lib/gcc/x86_64-linux-gnu/4.8/../../../x86_64-linux-gnu/crtn.o]
    arg [/usr/lib/gcc/x86_64-linux-gnu/4.8/collect2] ==> ignore
    arg [--sysroot=/] ==> ignore
    arg [--build-id] ==> ignore
    arg [--eh-frame-hdr] ==> ignore
    arg [-m] ==> ignore
    arg [elf_x86_64] ==> ignore
    arg [--hash-style=gnu] ==> ignore
    arg [--as-needed] ==> ignore
    arg [-export-dynamic] ==> ignore
    arg [-dynamic-linker] ==> ignore
    arg [/lib64/ld-linux-x86-64.so.2] ==> ignore
    arg [-zrelro] ==> ignore
    arg [-o] ==> ignore
    arg [cmTryCompileExec2098661356] ==> ignore
    arg [/usr/lib/gcc/x86_64-linux-gnu/4.8/../../../x86_64-linux-gnu/crt1.o] ==> ignore
    arg [/usr/lib/gcc/x86_64-linux-gnu/4.8/../../../x86_64-linux-gnu/crti.o] ==> ignore
    arg [/usr/lib/gcc/x86_64-linux-gnu/4.8/crtbegin.o] ==> ignore
    arg [-L/usr/lib/gcc/x86_64-linux-gnu/4.8] ==> dir [/usr/lib/gcc/x86_64-linux-gnu/4.8]
    arg [-L/usr/lib/gcc/x86_64-linux-gnu/4.8/../../../x86_64-linux-gnu] ==> dir [/usr/lib/gcc/x86_64-linux-gnu/4.8/../../../x86_64-linux-gnu]
    arg [-L/usr/lib/gcc/x86_64-linux-gnu/4.8/../../../../lib] ==> dir [/usr/lib/gcc/x86_64-linux-gnu/4.8/../../../../lib]
    arg [-L/lib/x86_64-linux-gnu] ==> dir [/lib/x86_64-linux-gnu]
    arg [-L/lib/../lib] ==> dir [/lib/../lib]
    arg [-L/usr/lib/x86_64-linux-gnu] ==> dir [/usr/lib/x86_64-linux-gnu]
    arg [-L/usr/lib/../lib] ==> dir [/usr/lib/../lib]
    arg [-L/usr/lib/gcc/x86_64-linux-gnu/4.8/../../..] ==> dir [/usr/lib/gcc/x86_64-linux-gnu/4.8/../../..]
    arg [CMakeFiles/cmTryCompileExec2098661356.dir/CMakeFortranCompilerABI.F.o] ==> ignore
    arg [-lgfortran] ==> lib [gfortran]
    arg [-lm] ==> lib [m]
    arg [-lgcc_s] ==> lib [gcc_s]
    arg [-lgcc] ==> lib [gcc]
    arg [-lquadmath] ==> lib [quadmath]
    arg [-lm] ==> lib [m]
    arg [-lgcc_s] ==> lib [gcc_s]
    arg [-lgcc] ==> lib [gcc]
    arg [-lc] ==> lib [c]
    arg [-lgcc_s] ==> lib [gcc_s]
    arg [-lgcc] ==> lib [gcc]
    arg [/usr/lib/gcc/x86_64-linux-gnu/4.8/crtend.o] ==> ignore
    arg [/usr/lib/gcc/x86_64-linux-gnu/4.8/../../../x86_64-linux-gnu/crtn.o] ==> ignore
  remove lib [gcc_s]
  remove lib [gcc]
  remove lib [gcc_s]
  remove lib [gcc]
  remove lib [gcc_s]
  remove lib [gcc]
  collapse library dir [/usr/lib/gcc/x86_64-linux-gnu/4.8] ==> [/usr/lib/gcc/x86_64-linux-gnu/4.8]
  collapse library dir [/usr/lib/gcc/x86_64-linux-gnu/4.8/../../../x86_64-linux-gnu] ==> [/usr/lib/x86_64-linux-gnu]
  collapse library dir [/usr/lib/gcc/x86_64-linux-gnu/4.8/../../../../lib] ==> [/usr/lib]
  collapse library dir [/lib/x86_64-linux-gnu] ==> [/lib/x86_64-linux-gnu]
  collapse library dir [/lib/../lib] ==> [/lib]
  collapse library dir [/usr/lib/x86_64-linux-gnu] ==> [/usr/lib/x86_64-linux-gnu]
  collapse library dir [/usr/lib/../lib] ==> [/usr/lib]
  collapse library dir [/usr/lib/gcc/x86_64-linux-gnu/4.8/../../..] ==> [/usr/lib]
  implicit libs: [gfortran;m;quadmath;m;c]
  implicit dirs: [/usr/lib/gcc/x86_64-linux-gnu/4.8;/usr/lib/x86_64-linux-gnu;/usr/lib;/lib/x86_64-linux-gnu;/lib]
  implicit fwks: []


Determining if the Fortran compiler supports Fortran 90 passed with the following output:
Change Dir: /home/pang/software/okvis/3rdparts/eigen-eigen-07105f7124f9/build/CMakeFiles/CMakeTmp

Run Build Command:/usr/bin/make "cmTryCompileExec2705038113/fast"
/usr/bin/make -f CMakeFiles/cmTryCompileExec2705038113.dir/build.make CMakeFiles/cmTryCompileExec2705038113.dir/build
make[1]: Entering directory `/home/pang/software/okvis/3rdparts/eigen-eigen-07105f7124f9/build/CMakeFiles/CMakeTmp'
/usr/bin/cmake -E cmake_progress_report /home/pang/software/okvis/3rdparts/eigen-eigen-07105f7124f9/build/CMakeFiles/CMakeTmp/CMakeFiles 1
Building Fortran object CMakeFiles/cmTryCompileExec2705038113.dir/testFortranCompilerF90.f90.o
/usr/bin/gfortran    -c /home/pang/software/okvis/3rdparts/eigen-eigen-07105f7124f9/build/CMakeFiles/CMakeTmp/testFortranCompilerF90.f90 -o CMakeFiles/cmTryCompileExec2705038113.dir/testFortranCompilerF90.f90.o
Linking Fortran executable cmTryCompileExec2705038113
/usr/bin/cmake -E cmake_link_script CMakeFiles/cmTryCompileExec2705038113.dir/link.txt --verbose=1
/usr/bin/gfortran       CMakeFiles/cmTryCompileExec2705038113.dir/testFortranCompilerF90.f90.o  -o cmTryCompileExec2705038113 -rdynamic 
make[1]: Leaving directory `/home/pang/software/okvis/3rdparts/eigen-eigen-07105f7124f9/build/CMakeFiles/CMakeTmp'


Determining if the function XOpenDisplay exists in the /usr/lib/x86_64-linux-gnu/libX11.so;/usr/lib/x86_64-linux-gnu/libXext.so passed with the following output:
Change Dir: /home/pang/software/okvis/3rdparts/eigen-eigen-07105f7124f9/build/CMakeFiles/CMakeTmp

Run Build Command:/usr/bin/make "cmTryCompileExec3144984715/fast"
/usr/bin/make -f CMakeFiles/cmTryCompileExec3144984715.dir/build.make CMakeFiles/cmTryCompileExec3144984715.dir/build
make[1]: Entering directory `/home/pang/software/okvis/3rdparts/eigen-eigen-07105f7124f9/build/CMakeFiles/CMakeTmp'
/usr/bin/cmake -E cmake_progress_report /home/pang/software/okvis/3rdparts/eigen-eigen-07105f7124f9/build/CMakeFiles/CMakeTmp/CMakeFiles 1
Building C object CMakeFiles/cmTryCompileExec3144984715.dir/CheckFunctionExists.c.o
/usr/bin/cc   -DCHECK_FUNCTION_EXISTS=XOpenDisplay   -o CMakeFiles/cmTryCompileExec3144984715.dir/CheckFunctionExists.c.o   -c /usr/share/cmake-2.8/Modules/CheckFunctionExists.c
Linking C executable cmTryCompileExec3144984715
/usr/bin/cmake -E cmake_link_script CMakeFiles/cmTryCompileExec3144984715.dir/link.txt --verbose=1
/usr/bin/cc   -DCHECK_FUNCTION_EXISTS=XOpenDisplay    CMakeFiles/cmTryCompileExec3144984715.dir/CheckFunctionExists.c.o  -o cmTryCompileExec3144984715 -rdynamic -lX11 -lXext 
make[1]: Leaving directory `/home/pang/software/okvis/3rdparts/eigen-eigen-07105f7124f9/build/CMakeFiles/CMakeTmp'


Determining if the function gethostbyname exists passed with the following output:
Change Dir: /home/pang/software/okvis/3rdparts/eigen-eigen-07105f7124f9/build/CMakeFiles/CMakeTmp

Run Build Command:/usr/bin/make "cmTryCompileExec1597689511/fast"
/usr/bin/make -f CMakeFiles/cmTryCompileExec1597689511.dir/build.make CMakeFiles/cmTryCompileExec1597689511.dir/build
make[1]: Entering directory `/home/pang/software/okvis/3rdparts/eigen-eigen-07105f7124f9/build/CMakeFiles/CMakeTmp'
/usr/bin/cmake -E cmake_progress_report /home/pang/software/okvis/3rdparts/eigen-eigen-07105f7124f9/build/CMakeFiles/CMakeTmp/CMakeFiles 1
Building C object CMakeFiles/cmTryCompileExec1597689511.dir/CheckFunctionExists.c.o
/usr/bin/cc   -DCHECK_FUNCTION_EXISTS=gethostbyname   -o CMakeFiles/cmTryCompileExec1597689511.dir/CheckFunctionExists.c.o   -c /usr/share/cmake-2.8/Modules/CheckFunctionExists.c
Linking C executable cmTryCompileExec1597689511
/usr/bin/cmake -E cmake_link_script CMakeFiles/cmTryCompileExec1597689511.dir/link.txt --verbose=1
/usr/bin/cc   -DCHECK_FUNCTION_EXISTS=gethostbyname    CMakeFiles/cmTryCompileExec1597689511.dir/CheckFunctionExists.c.o  -o cmTryCompileExec1597689511 -rdynamic 
make[1]: Leaving directory `/home/pang/software/okvis/3rdparts/eigen-eigen-07105f7124f9/build/CMakeFiles/CMakeTmp'


Determining if the function connect exists passed with the following output:
Change Dir: /home/pang/software/okvis/3rdparts/eigen-eigen-07105f7124f9/build/CMakeFiles/CMakeTmp

Run Build Command:/usr/bin/make "cmTryCompileExec571124777/fast"
/usr/bin/make -f CMakeFiles/cmTryCompileExec571124777.dir/build.make CMakeFiles/cmTryCompileExec571124777.dir/build
make[1]: Entering directory `/home/pang/software/okvis/3rdparts/eigen-eigen-07105f7124f9/build/CMakeFiles/CMakeTmp'
/usr/bin/cmake -E cmake_progress_report /home/pang/software/okvis/3rdparts/eigen-eigen-07105f7124f9/build/CMakeFiles/CMakeTmp/CMakeFiles 1
Building C object CMakeFiles/cmTryCompileExec571124777.dir/CheckFunctionExists.c.o
/usr/bin/cc   -DCHECK_FUNCTION_EXISTS=connect   -o CMakeFiles/cmTryCompileExec571124777.dir/CheckFunctionExists.c.o   -c /usr/share/cmake-2.8/Modules/CheckFunctionExists.c
Linking C executable cmTryCompileExec571124777
/usr/bin/cmake -E cmake_link_script CMakeFiles/cmTryCompileExec571124777.dir/link.txt --verbose=1
/usr/bin/cc   -DCHECK_FUNCTION_EXISTS=connect    CMakeFiles/cmTryCompileExec571124777.dir/CheckFunctionExists.c.o  -o cmTryCompileExec571124777 -rdynamic 
make[1]: Leaving directory `/home/pang/software/okvis/3rdparts/eigen-eigen-07105f7124f9/build/CMakeFiles/CMakeTmp'


Determining if the function remove exists passed with the following output:
Change Dir: /home/pang/software/okvis/3rdparts/eigen-eigen-07105f7124f9/build/CMakeFiles/CMakeTmp

Run Build Command:/usr/bin/make "cmTryCompileExec1193601057/fast"
/usr/bin/make -f CMakeFiles/cmTryCompileExec1193601057.dir/build.make CMakeFiles/cmTryCompileExec1193601057.dir/build
make[1]: Entering directory `/home/pang/software/okvis/3rdparts/eigen-eigen-07105f7124f9/build/CMakeFiles/CMakeTmp'
/usr/bin/cmake -E cmake_progress_report /home/pang/software/okvis/3rdparts/eigen-eigen-07105f7124f9/build/CMakeFiles/CMakeTmp/CMakeFiles 1
Building C object CMakeFiles/cmTryCompileExec1193601057.dir/CheckFunctionExists.c.o
/usr/bin/cc   -DCHECK_FUNCTION_EXISTS=remove   -o CMakeFiles/cmTryCompileExec1193601057.dir/CheckFunctionExists.c.o   -c /usr/share/cmake-2.8/Modules/CheckFunctionExists.c
Linking C executable cmTryCompileExec1193601057
/usr/bin/cmake -E cmake_link_script CMakeFiles/cmTryCompileExec1193601057.dir/link.txt --verbose=1
/usr/bin/cc   -DCHECK_FUNCTION_EXISTS=remove    CMakeFiles/cmTryCompileExec1193601057.dir/CheckFunctionExists.c.o  -o cmTryCompileExec1193601057 -rdynamic 
make[1]: Leaving directory `/home/pang/software/okvis/3rdparts/eigen-eigen-07105f7124f9/build/CMakeFiles/CMakeTmp'


Determining if the function shmat exists passed with the following output:
Change Dir: /home/pang/software/okvis/3rdparts/eigen-eigen-07105f7124f9/build/CMakeFiles/CMakeTmp

Run Build Command:/usr/bin/make "cmTryCompileExec1141217194/fast"
/usr/bin/make -f CMakeFiles/cmTryCompileExec1141217194.dir/build.make CMakeFiles/cmTryCompileExec1141217194.dir/build
make[1]: Entering directory `/home/pang/software/okvis/3rdparts/eigen-eigen-07105f7124f9/build/CMakeFiles/CMakeTmp'
/usr/bin/cmake -E cmake_progress_report /home/pang/software/okvis/3rdparts/eigen-eigen-07105f7124f9/build/CMakeFiles/CMakeTmp/CMakeFiles 1
Building C object CMakeFiles/cmTryCompileExec1141217194.dir/CheckFunctionExists.c.o
/usr/bin/cc   -DCHECK_FUNCTION_EXISTS=shmat   -o CMakeFiles/cmTryCompileExec1141217194.dir/CheckFunctionExists.c.o   -c /usr/share/cmake-2.8/Modules/CheckFunctionExists.c
Linking C executable cmTryCompileExec1141217194
/usr/bin/cmake -E cmake_link_script CMakeFiles/cmTryCompileExec1141217194.dir/link.txt --verbose=1
/usr/bin/cc   -DCHECK_FUNCTION_EXISTS=shmat    CMakeFiles/cmTryCompileExec1141217194.dir/CheckFunctionExists.c.o  -o cmTryCompileExec1141217194 -rdynamic 
make[1]: Leaving directory `/home/pang/software/okvis/3rdparts/eigen-eigen-07105f7124f9/build/CMakeFiles/CMakeTmp'


Determining if the function IceConnectionNumber exists in the ICE passed with the following output:
Change Dir: /home/pang/software/okvis/3rdparts/eigen-eigen-07105f7124f9/build/CMakeFiles/CMakeTmp

Run Build Command:/usr/bin/make "cmTryCompileExec1682149678/fast"
/usr/bin/make -f CMakeFiles/cmTryCompileExec1682149678.dir/build.make CMakeFiles/cmTryCompileExec1682149678.dir/build
make[1]: Entering directory `/home/pang/software/okvis/3rdparts/eigen-eigen-07105f7124f9/build/CMakeFiles/CMakeTmp'
/usr/bin/cmake -E cmake_progress_report /home/pang/software/okvis/3rdparts/eigen-eigen-07105f7124f9/build/CMakeFiles/CMakeTmp/CMakeFiles 1
Building C object CMakeFiles/cmTryCompileExec1682149678.dir/CheckFunctionExists.c.o
/usr/bin/cc   -DCHECK_FUNCTION_EXISTS=IceConnectionNumber   -o CMakeFiles/cmTryCompileExec1682149678.dir/CheckFunctionExists.c.o   -c /usr/share/cmake-2.8/Modules/CheckFunctionExists.c
Linking C executable cmTryCompileExec1682149678
/usr/bin/cmake -E cmake_link_script CMakeFiles/cmTryCompileExec1682149678.dir/link.txt --verbose=1
/usr/bin/cc   -DCHECK_FUNCTION_EXISTS=IceConnectionNumber    CMakeFiles/cmTryCompileExec1682149678.dir/CheckFunctionExists.c.o  -o cmTryCompileExec1682149678 -rdynamic -lICE 
make[1]: Leaving directory `/home/pang/software/okvis/3rdparts/eigen-eigen-07105f7124f9/build/CMakeFiles/CMakeTmp'


